INFO - 2024-06-10 04:58:54 --> Session: Class initialized using 'CodeIgniter\Session\Handlers\FileHandler' driver.
ERROR - 2024-06-10 05:03:54 --> Error connecting to the database: mysqli_sql_exception: Access denied for user 'yecoabmy_Hansahandloom_admin'@'49.43.1.183' to database 'hansahandloom' in C:\Users\BrillsenseShailesh\Desktop\Projects\PHP8.2\HansaHandloom\Hansahandloom-Admin\vendor\codeigniter4\framework\system\Database\MySQLi\Connection.php:186
Stack trace:
#0 C:\Users\BrillsenseShailesh\Desktop\Projects\PHP8.2\HansaHandloom\Hansahandloom-Admin\vendor\codeigniter4\framework\system\Database\MySQLi\Connection.php(186): mysqli->real_connect('hansa.yec.oab.m...', 'yecoabmy_Hansah...', Object(SensitiveParameterValue), 'hansahandloom', 3306, '', 0)
#1 C:\Users\BrillsenseShailesh\Desktop\Projects\PHP8.2\HansaHandloom\Hansahandloom-Admin\vendor\codeigniter4\framework\system\Database\BaseConnection.php(421): CodeIgniter\Database\MySQLi\Connection->connect(false)
#2 C:\Users\BrillsenseShailesh\Desktop\Projects\PHP8.2\HansaHandloom\Hansahandloom-Admin\vendor\codeigniter4\framework\system\Database\BaseConnection.php(604): CodeIgniter\Database\BaseConnection->initialize()
#3 C:\Users\BrillsenseShailesh\Desktop\Projects\PHP8.2\HansaHandloom\Hansahandloom-Admin\vendor\codeigniter4\framework\system\Database\BaseConnection.php(1471): CodeIgniter\Database\BaseConnection->query('SHOW TABLES FRO...')
#4 C:\Users\BrillsenseShailesh\Desktop\Projects\PHP8.2\HansaHandloom\Hansahandloom-Admin\vendor\codeigniter4\framework\system\Database\BaseConnection.php(1490): CodeIgniter\Database\BaseConnection->listTables()
#5 C:\Users\BrillsenseShailesh\Desktop\Projects\PHP8.2\HansaHandloom\Hansahandloom-Admin\vendor\codeigniter4\framework\system\Database\MigrationRunner.php(759): CodeIgniter\Database\BaseConnection->tableExists('migrations')
#6 C:\Users\BrillsenseShailesh\Desktop\Projects\PHP8.2\HansaHandloom\Hansahandloom-Admin\vendor\codeigniter4\framework\system\Database\MigrationRunner.php(163): CodeIgniter\Database\MigrationRunner->ensureTable()
#7 C:\Users\BrillsenseShailesh\Desktop\Projects\PHP8.2\HansaHandloom\Hansahandloom-Admin\vendor\codeigniter4\framework\system\Commands\Database\Migrate.php(85): CodeIgniter\Database\MigrationRunner->latest(NULL)
#8 C:\Users\BrillsenseShailesh\Desktop\Projects\PHP8.2\HansaHandloom\Hansahandloom-Admin\vendor\codeigniter4\framework\system\CLI\Commands.php(70): CodeIgniter\Commands\Database\Migrate->run(Array)
#9 C:\Users\BrillsenseShailesh\Desktop\Projects\PHP8.2\HansaHandloom\Hansahandloom-Admin\vendor\codeigniter4\framework\system\CLI\Console.php(48): CodeIgniter\CLI\Commands->run('migrate', Array)
#10 C:\Users\BrillsenseShailesh\Desktop\Projects\PHP8.2\HansaHandloom\Hansahandloom-Admin\vendor\codeigniter4\framework\system\Boot.php(338): CodeIgniter\CLI\Console->run()
#11 C:\Users\BrillsenseShailesh\Desktop\Projects\PHP8.2\HansaHandloom\Hansahandloom-Admin\vendor\codeigniter4\framework\system\Boot.php(104): CodeIgniter\Boot::runCommand(Object(CodeIgniter\CLI\Console))
#12 C:\Users\BrillsenseShailesh\Desktop\Projects\PHP8.2\HansaHandloom\Hansahandloom-Admin\spark(84): CodeIgniter\Boot::bootSpark(Object(Config\Paths))
#13 {main}

Next CodeIgniter\Database\Exceptions\DatabaseException: Access denied for user '****'@'49.43.1.183' to database 'hansahandloom' in C:\Users\BrillsenseShailesh\Desktop\Projects\PHP8.2\HansaHandloom\Hansahandloom-Admin\vendor\codeigniter4\framework\system\Database\MySQLi\Connection.php:231
Stack trace:
#0 C:\Users\BrillsenseShailesh\Desktop\Projects\PHP8.2\HansaHandloom\Hansahandloom-Admin\vendor\codeigniter4\framework\system\Database\BaseConnection.php(421): CodeIgniter\Database\MySQLi\Connection->connect(false)
#1 C:\Users\BrillsenseShailesh\Desktop\Projects\PHP8.2\HansaHandloom\Hansahandloom-Admin\vendor\codeigniter4\framework\system\Database\BaseConnection.php(604): CodeIgniter\Database\BaseConnection->initialize()
#2 C:\Users\BrillsenseShailesh\Desktop\Projects\PHP8.2\HansaHandloom\Hansahandloom-Admin\vendor\codeigniter4\framework\system\Database\BaseConnection.php(1471): CodeIgniter\Database\BaseConnection->query('SHOW TABLES FRO...')
#3 C:\Users\BrillsenseShailesh\Desktop\Projects\PHP8.2\HansaHandloom\Hansahandloom-Admin\vendor\codeigniter4\framework\system\Database\BaseConnection.php(1490): CodeIgniter\Database\BaseConnection->listTables()
#4 C:\Users\BrillsenseShailesh\Desktop\Projects\PHP8.2\HansaHandloom\Hansahandloom-Admin\vendor\codeigniter4\framework\system\Database\MigrationRunner.php(759): CodeIgniter\Database\BaseConnection->tableExists('migrations')
#5 C:\Users\BrillsenseShailesh\Desktop\Projects\PHP8.2\HansaHandloom\Hansahandloom-Admin\vendor\codeigniter4\framework\system\Database\MigrationRunner.php(163): CodeIgniter\Database\MigrationRunner->ensureTable()
#6 C:\Users\BrillsenseShailesh\Desktop\Projects\PHP8.2\HansaHandloom\Hansahandloom-Admin\vendor\codeigniter4\framework\system\Commands\Database\Migrate.php(85): CodeIgniter\Database\MigrationRunner->latest(NULL)
#7 C:\Users\BrillsenseShailesh\Desktop\Projects\PHP8.2\HansaHandloom\Hansahandloom-Admin\vendor\codeigniter4\framework\system\CLI\Commands.php(70): CodeIgniter\Commands\Database\Migrate->run(Array)
#8 C:\Users\BrillsenseShailesh\Desktop\Projects\PHP8.2\HansaHandloom\Hansahandloom-Admin\vendor\codeigniter4\framework\system\CLI\Console.php(48): CodeIgniter\CLI\Commands->run('migrate', Array)
#9 C:\Users\BrillsenseShailesh\Desktop\Projects\PHP8.2\HansaHandloom\Hansahandloom-Admin\vendor\codeigniter4\framework\system\Boot.php(338): CodeIgniter\CLI\Console->run()
#10 C:\Users\BrillsenseShailesh\Desktop\Projects\PHP8.2\HansaHandloom\Hansahandloom-Admin\vendor\codeigniter4\framework\system\Boot.php(104): CodeIgniter\Boot::runCommand(Object(CodeIgniter\CLI\Console))
#11 C:\Users\BrillsenseShailesh\Desktop\Projects\PHP8.2\HansaHandloom\Hansahandloom-Admin\spark(84): CodeIgniter\Boot::bootSpark(Object(Config\Paths))
#12 {main}
ERROR - 2024-06-10 05:08:30 --> mysqli_sql_exception: Invalid default value for 'created_at' in C:\Users\BrillsenseShailesh\Desktop\Projects\PHP8.2\HansaHandloom\Hansahandloom-Admin\vendor\codeigniter4\framework\system\Database\MySQLi\Connection.php:308
Stack trace:
#0 C:\Users\BrillsenseShailesh\Desktop\Projects\PHP8.2\HansaHandloom\Hansahandloom-Admin\vendor\codeigniter4\framework\system\Database\MySQLi\Connection.php(308): mysqli->query('CREATE TABLE `m...', 0)
#1 C:\Users\BrillsenseShailesh\Desktop\Projects\PHP8.2\HansaHandloom\Hansahandloom-Admin\vendor\codeigniter4\framework\system\Database\BaseConnection.php(722): CodeIgniter\Database\MySQLi\Connection->execute('CREATE TABLE `m...')
#2 C:\Users\BrillsenseShailesh\Desktop\Projects\PHP8.2\HansaHandloom\Hansahandloom-Admin\vendor\codeigniter4\framework\system\Database\BaseConnection.php(636): CodeIgniter\Database\BaseConnection->simpleQuery('CREATE TABLE `m...')
#3 C:\Users\BrillsenseShailesh\Desktop\Projects\PHP8.2\HansaHandloom\Hansahandloom-Admin\vendor\codeigniter4\framework\system\Database\Forge.php(570): CodeIgniter\Database\BaseConnection->query('CREATE TABLE `m...')
#4 C:\Users\BrillsenseShailesh\Desktop\Projects\PHP8.2\HansaHandloom\Hansahandloom-Admin\app\Database\Migrations\2024-05-01-125324_MediaManagement.php(115): CodeIgniter\Database\Forge->createTable('media_managemen...')
#5 C:\Users\BrillsenseShailesh\Desktop\Projects\PHP8.2\HansaHandloom\Hansahandloom-Admin\vendor\codeigniter4\framework\system\Database\MigrationRunner.php(867): App\Database\Migrations\MediaManagement->up()
#6 C:\Users\BrillsenseShailesh\Desktop\Projects\PHP8.2\HansaHandloom\Hansahandloom-Admin\vendor\codeigniter4\framework\system\Database\MigrationRunner.php(183): CodeIgniter\Database\MigrationRunner->migrate('up', Object(stdClass))
#7 C:\Users\BrillsenseShailesh\Desktop\Projects\PHP8.2\HansaHandloom\Hansahandloom-Admin\vendor\codeigniter4\framework\system\Commands\Database\Migrate.php(85): CodeIgniter\Database\MigrationRunner->latest(NULL)
#8 C:\Users\BrillsenseShailesh\Desktop\Projects\PHP8.2\HansaHandloom\Hansahandloom-Admin\vendor\codeigniter4\framework\system\CLI\Commands.php(70): CodeIgniter\Commands\Database\Migrate->run(Array)
#9 C:\Users\BrillsenseShailesh\Desktop\Projects\PHP8.2\HansaHandloom\Hansahandloom-Admin\vendor\codeigniter4\framework\system\CLI\Console.php(48): CodeIgniter\CLI\Commands->run('migrate', Array)
#10 C:\Users\BrillsenseShailesh\Desktop\Projects\PHP8.2\HansaHandloom\Hansahandloom-Admin\vendor\codeigniter4\framework\system\Boot.php(338): CodeIgniter\CLI\Console->run()
#11 C:\Users\BrillsenseShailesh\Desktop\Projects\PHP8.2\HansaHandloom\Hansahandloom-Admin\vendor\codeigniter4\framework\system\Boot.php(104): CodeIgniter\Boot::runCommand(Object(CodeIgniter\CLI\Console))
#12 C:\Users\BrillsenseShailesh\Desktop\Projects\PHP8.2\HansaHandloom\Hansahandloom-Admin\spark(84): CodeIgniter\Boot::bootSpark(Object(Config\Paths))
#13 {main}
INFO - 2024-06-10 06:32:42 --> Session: Class initialized using 'CodeIgniter\Session\Handlers\FileHandler' driver.
INFO - 2024-06-10 06:32:48 --> Session: Class initialized using 'CodeIgniter\Session\Handlers\FileHandler' driver.
INFO - 2024-06-10 06:33:28 --> Session: Class initialized using 'CodeIgniter\Session\Handlers\FileHandler' driver.
INFO - 2024-06-10 06:34:40 --> Session: Class initialized using 'CodeIgniter\Session\Handlers\FileHandler' driver.
INFO - 2024-06-10 06:35:36 --> Session: Class initialized using 'CodeIgniter\Session\Handlers\FileHandler' driver.
INFO - 2024-06-10 06:40:19 --> Session: Class initialized using 'CodeIgniter\Session\Handlers\FileHandler' driver.
INFO - 2024-06-10 06:44:53 --> Session: Class initialized using 'CodeIgniter\Session\Handlers\FileHandler' driver.
INFO - 2024-06-10 06:52:06 --> Session: Class initialized using 'CodeIgniter\Session\Handlers\FileHandler' driver.
INFO - 2024-06-10 06:52:35 --> Session: Class initialized using 'CodeIgniter\Session\Handlers\FileHandler' driver.
INFO - 2024-06-10 06:54:48 --> Session: Class initialized using 'CodeIgniter\Session\Handlers\FileHandler' driver.
CRITICAL - 2024-06-10 06:54:48 --> CodeIgniter\View\Exceptions\ViewException: Invalid file: "AdminPanelNew/pages/Admin/Integration/Firebase Messaging Integration.php"
[Method: GET, Route: Auth/Admin/Integration/FirebaseMessagingIntegration]
in SYSTEMPATH\Exceptions\FrameworkException.php on line 41.
 1 SYSTEMPATH\View\View.php(222): CodeIgniter\Exceptions\FrameworkException::forInvalidFile('AdminPanelNew/pages/Admin/Integration/Firebase Messaging Integration.php')
 2 SYSTEMPATH\Common.php(1171): CodeIgniter\View\View->render('AdminPanelNew/pages/Admin/Integration/Firebase Messaging Integration', [], true)
 3 APPPATH\Views\AdminPanelNew\partials\main.php(30): view('AdminPanelNew/pages/Admin/Integration/Firebase Messaging Integration')
 4 SYSTEMPATH\View\View.php(234): include('C:\\Users\\BrillsenseShailesh\\Desktop\\Projects\\PHP8.2\\HansaHandloom\\Hansahandloom-Admin\\app\\Views\\AdminPanelNew\\partials\\main.php')
 5 SYSTEMPATH\View\View.php(237): CodeIgniter\View\View->CodeIgniter\View\{closure}()
 6 SYSTEMPATH\Common.php(1171): CodeIgniter\View\View->render('AdminPanelNew/partials/main', [], true)
 7 APPPATH\Controllers\AdminPageController.php(43): view('AdminPanelNew/partials/main', [...])
 8 SYSTEMPATH\CodeIgniter.php(933): App\Controllers\AdminPageController->FirebaseMessagingIntegration()
 9 SYSTEMPATH\CodeIgniter.php(509): CodeIgniter\CodeIgniter->runController(Object(App\Controllers\AdminPageController))
10 SYSTEMPATH\CodeIgniter.php(355): CodeIgniter\CodeIgniter->handleRequest(null, Object(Config\Cache), false)
11 SYSTEMPATH\Boot.php(312): CodeIgniter\CodeIgniter->run()
12 SYSTEMPATH\Boot.php(67): CodeIgniter\Boot::runCodeIgniter(Object(CodeIgniter\CodeIgniter))
13 FCPATH\index.php(56): CodeIgniter\Boot::bootWeb(Object(Config\Paths))
14 SYSTEMPATH\Commands\Server\rewrite.php(49): require_once('C:\\Users\\BrillsenseShailesh\\Desktop\\Projects\\PHP8.2\\HansaHandloom\\Hansahandloom-Admin\\public\\index.php')
INFO - 2024-06-10 06:55:01 --> Session: Class initialized using 'CodeIgniter\Session\Handlers\FileHandler' driver.
INFO - 2024-06-10 06:55:42 --> Session: Class initialized using 'CodeIgniter\Session\Handlers\FileHandler' driver.
INFO - 2024-06-10 06:56:11 --> Session: Class initialized using 'CodeIgniter\Session\Handlers\FileHandler' driver.
INFO - 2024-06-10 06:56:15 --> Session: Class initialized using 'CodeIgniter\Session\Handlers\FileHandler' driver.
INFO - 2024-06-10 06:56:22 --> Session: Class initialized using 'CodeIgniter\Session\Handlers\FileHandler' driver.
INFO - 2024-06-10 06:56:25 --> Session: Class initialized using 'CodeIgniter\Session\Handlers\FileHandler' driver.
INFO - 2024-06-10 06:56:27 --> Session: Class initialized using 'CodeIgniter\Session\Handlers\FileHandler' driver.
INFO - 2024-06-10 06:59:28 --> Session: Class initialized using 'CodeIgniter\Session\Handlers\FileHandler' driver.
INFO - 2024-06-10 07:02:41 --> Session: Class initialized using 'CodeIgniter\Session\Handlers\FileHandler' driver.
INFO - 2024-06-10 07:05:40 --> Session: Class initialized using 'CodeIgniter\Session\Handlers\FileHandler' driver.
INFO - 2024-06-10 07:05:47 --> Session: Class initialized using 'CodeIgniter\Session\Handlers\FileHandler' driver.
INFO - 2024-06-10 07:07:05 --> Session: Class initialized using 'CodeIgniter\Session\Handlers\FileHandler' driver.
INFO - 2024-06-10 07:08:36 --> Session: Class initialized using 'CodeIgniter\Session\Handlers\FileHandler' driver.
INFO - 2024-06-10 07:11:56 --> Session: Class initialized using 'CodeIgniter\Session\Handlers\FileHandler' driver.
INFO - 2024-06-10 07:14:18 --> Session: Class initialized using 'CodeIgniter\Session\Handlers\FileHandler' driver.
INFO - 2024-06-10 07:14:43 --> Session: Class initialized using 'CodeIgniter\Session\Handlers\FileHandler' driver.
INFO - 2024-06-10 07:22:24 --> Session: Class initialized using 'CodeIgniter\Session\Handlers\FileHandler' driver.
INFO - 2024-06-10 07:36:57 --> Session: Class initialized using 'CodeIgniter\Session\Handlers\FileHandler' driver.
INFO - 2024-06-10 07:42:13 --> Session: Class initialized using 'CodeIgniter\Session\Handlers\FileHandler' driver.
CRITICAL - 2024-06-10 07:42:13 --> ErrorException: Undefined variable $desktop_notification
[Method: GET, Route: Auth/Admin/Integration/FirebaseMessagingIntegration]
in APPPATH\Views\AdminPanelNew\pages\Admin\Integration\FirebaseMessagingIntegration.php on line 44.
 1 APPPATH\Views\AdminPanelNew\pages\Admin\Integration\FirebaseMessagingIntegration.php(44): CodeIgniter\Debug\Exceptions->errorHandler(2, 'Undefined variable $desktop_notification', 'C:\\Users\\BrillsenseShailesh\\Desktop\\Projects\\PHP8.2\\HansaHandloom\\Hansahandloom-Admin\\app\\Views\\AdminPanelNew\\pages\\Admin\\Integration\\FirebaseMessagingIntegration.php', 44)
 2 SYSTEMPATH\View\View.php(234): include('C:\\Users\\BrillsenseShailesh\\Desktop\\Projects\\PHP8.2\\HansaHandloom\\Hansahandloom-Admin\\app\\Views\\AdminPanelNew\\pages\\Admin\\Integration\\FirebaseMessagingIntegration.php')
 3 SYSTEMPATH\View\View.php(237): CodeIgniter\View\View->CodeIgniter\View\{closure}()
 4 SYSTEMPATH\Common.php(1171): CodeIgniter\View\View->render('AdminPanelNew/pages/Admin/Integration/FirebaseMessagingIntegration', [], true)
 5 APPPATH\Views\AdminPanelNew\partials\main.php(30): view('AdminPanelNew/pages/Admin/Integration/FirebaseMessagingIntegration')
 6 SYSTEMPATH\View\View.php(234): include('C:\\Users\\BrillsenseShailesh\\Desktop\\Projects\\PHP8.2\\HansaHandloom\\Hansahandloom-Admin\\app\\Views\\AdminPanelNew\\partials\\main.php')
 7 SYSTEMPATH\View\View.php(237): CodeIgniter\View\View->CodeIgniter\View\{closure}()
 8 SYSTEMPATH\Common.php(1171): CodeIgniter\View\View->render('AdminPanelNew/partials/main', [], true)
 9 APPPATH\Controllers\AdminPageController.php(43): view('AdminPanelNew/partials/main', [...])
10 SYSTEMPATH\CodeIgniter.php(933): App\Controllers\AdminPageController->FirebaseMessagingIntegration()
11 SYSTEMPATH\CodeIgniter.php(509): CodeIgniter\CodeIgniter->runController(Object(App\Controllers\AdminPageController))
12 SYSTEMPATH\CodeIgniter.php(355): CodeIgniter\CodeIgniter->handleRequest(null, Object(Config\Cache), false)
13 SYSTEMPATH\Boot.php(312): CodeIgniter\CodeIgniter->run()
14 SYSTEMPATH\Boot.php(67): CodeIgniter\Boot::runCodeIgniter(Object(CodeIgniter\CodeIgniter))
15 FCPATH\index.php(56): CodeIgniter\Boot::bootWeb(Object(Config\Paths))
16 SYSTEMPATH\Commands\Server\rewrite.php(49): require_once('C:\\Users\\BrillsenseShailesh\\Desktop\\Projects\\PHP8.2\\HansaHandloom\\Hansahandloom-Admin\\public\\index.php')
INFO - 2024-06-10 07:42:57 --> Session: Class initialized using 'CodeIgniter\Session\Handlers\FileHandler' driver.
INFO - 2024-06-10 07:43:45 --> Session: Class initialized using 'CodeIgniter\Session\Handlers\FileHandler' driver.
INFO - 2024-06-10 07:44:13 --> Session: Class initialized using 'CodeIgniter\Session\Handlers\FileHandler' driver.
INFO - 2024-06-10 07:47:38 --> Session: Class initialized using 'CodeIgniter\Session\Handlers\FileHandler' driver.
INFO - 2024-06-10 07:48:20 --> Session: Class initialized using 'CodeIgniter\Session\Handlers\FileHandler' driver.
INFO - 2024-06-10 07:50:37 --> Session: Class initialized using 'CodeIgniter\Session\Handlers\FileHandler' driver.
INFO - 2024-06-10 07:51:57 --> Session: Class initialized using 'CodeIgniter\Session\Handlers\FileHandler' driver.
INFO - 2024-06-10 07:52:25 --> Session: Class initialized using 'CodeIgniter\Session\Handlers\FileHandler' driver.
INFO - 2024-06-10 07:54:28 --> Session: Class initialized using 'CodeIgniter\Session\Handlers\FileHandler' driver.
ERROR - 2024-06-10 07:55:04 --> mysqli_sql_exception: Incorrect table definition; there can be only one auto column and it must be defined as a key in C:\Users\BrillsenseShailesh\Desktop\Projects\PHP8.2\HansaHandloom\Hansahandloom-Admin\vendor\codeigniter4\framework\system\Database\MySQLi\Connection.php:308
Stack trace:
#0 C:\Users\BrillsenseShailesh\Desktop\Projects\PHP8.2\HansaHandloom\Hansahandloom-Admin\vendor\codeigniter4\framework\system\Database\MySQLi\Connection.php(308): mysqli->query('CREATE TABLE `f...', 0)
#1 C:\Users\BrillsenseShailesh\Desktop\Projects\PHP8.2\HansaHandloom\Hansahandloom-Admin\vendor\codeigniter4\framework\system\Database\BaseConnection.php(722): CodeIgniter\Database\MySQLi\Connection->execute('CREATE TABLE `f...')
#2 C:\Users\BrillsenseShailesh\Desktop\Projects\PHP8.2\HansaHandloom\Hansahandloom-Admin\vendor\codeigniter4\framework\system\Database\BaseConnection.php(636): CodeIgniter\Database\BaseConnection->simpleQuery('CREATE TABLE `f...')
#3 C:\Users\BrillsenseShailesh\Desktop\Projects\PHP8.2\HansaHandloom\Hansahandloom-Admin\vendor\codeigniter4\framework\system\Database\Forge.php(570): CodeIgniter\Database\BaseConnection->query('CREATE TABLE `f...')
#4 C:\Users\BrillsenseShailesh\Desktop\Projects\PHP8.2\HansaHandloom\Hansahandloom-Admin\app\Database\Migrations\2024-05-01-133451_FirebaseMessagingToken.php(34): CodeIgniter\Database\Forge->createTable('firebase_messag...', true)
#5 C:\Users\BrillsenseShailesh\Desktop\Projects\PHP8.2\HansaHandloom\Hansahandloom-Admin\vendor\codeigniter4\framework\system\Database\MigrationRunner.php(867): App\Database\Migrations\FirebaseMessagingToken->up()
#6 C:\Users\BrillsenseShailesh\Desktop\Projects\PHP8.2\HansaHandloom\Hansahandloom-Admin\vendor\codeigniter4\framework\system\Database\MigrationRunner.php(183): CodeIgniter\Database\MigrationRunner->migrate('up', Object(stdClass))
#7 C:\Users\BrillsenseShailesh\Desktop\Projects\PHP8.2\HansaHandloom\Hansahandloom-Admin\vendor\codeigniter4\framework\system\Commands\Database\Migrate.php(85): CodeIgniter\Database\MigrationRunner->latest(NULL)
#8 C:\Users\BrillsenseShailesh\Desktop\Projects\PHP8.2\HansaHandloom\Hansahandloom-Admin\vendor\codeigniter4\framework\system\CLI\Commands.php(70): CodeIgniter\Commands\Database\Migrate->run(Array)
#9 C:\Users\BrillsenseShailesh\Desktop\Projects\PHP8.2\HansaHandloom\Hansahandloom-Admin\vendor\codeigniter4\framework\system\CLI\Console.php(48): CodeIgniter\CLI\Commands->run('migrate', Array)
#10 C:\Users\BrillsenseShailesh\Desktop\Projects\PHP8.2\HansaHandloom\Hansahandloom-Admin\vendor\codeigniter4\framework\system\Boot.php(338): CodeIgniter\CLI\Console->run()
#11 C:\Users\BrillsenseShailesh\Desktop\Projects\PHP8.2\HansaHandloom\Hansahandloom-Admin\vendor\codeigniter4\framework\system\Boot.php(104): CodeIgniter\Boot::runCommand(Object(CodeIgniter\CLI\Console))
#12 C:\Users\BrillsenseShailesh\Desktop\Projects\PHP8.2\HansaHandloom\Hansahandloom-Admin\spark(84): CodeIgniter\Boot::bootSpark(Object(Config\Paths))
#13 {main}
INFO - 2024-06-10 08:09:38 --> Session: Class initialized using 'CodeIgniter\Session\Handlers\FileHandler' driver.
ERROR - 2024-06-10 08:09:41 --> mysqli_sql_exception: Table 'yecoabmy_Hansahandloom_db.firebasemessagingintegrations' doesn't exist in C:\Users\BrillsenseShailesh\Desktop\Projects\PHP8.2\HansaHandloom\Hansahandloom-Admin\vendor\codeigniter4\framework\system\Database\MySQLi\Connection.php:308
Stack trace:
#0 C:\Users\BrillsenseShailesh\Desktop\Projects\PHP8.2\HansaHandloom\Hansahandloom-Admin\vendor\codeigniter4\framework\system\Database\MySQLi\Connection.php(308): mysqli->query('SELECT *\nFROM `...', 0)
#1 C:\Users\BrillsenseShailesh\Desktop\Projects\PHP8.2\HansaHandloom\Hansahandloom-Admin\vendor\codeigniter4\framework\system\Database\BaseConnection.php(722): CodeIgniter\Database\MySQLi\Connection->execute('SELECT *\nFROM `...')
#2 C:\Users\BrillsenseShailesh\Desktop\Projects\PHP8.2\HansaHandloom\Hansahandloom-Admin\vendor\codeigniter4\framework\system\Database\BaseConnection.php(636): CodeIgniter\Database\BaseConnection->simpleQuery('SELECT *\nFROM `...')
#3 C:\Users\BrillsenseShailesh\Desktop\Projects\PHP8.2\HansaHandloom\Hansahandloom-Admin\vendor\codeigniter4\framework\system\Database\BaseBuilder.php(1629): CodeIgniter\Database\BaseConnection->query('SELECT *\nFROM `...', Array, false)
#4 C:\Users\BrillsenseShailesh\Desktop\Projects\PHP8.2\HansaHandloom\Hansahandloom-Admin\vendor\codeigniter4\framework\system\Model.php(319): CodeIgniter\Database\BaseBuilder->get()
#5 C:\Users\BrillsenseShailesh\Desktop\Projects\PHP8.2\HansaHandloom\Hansahandloom-Admin\vendor\codeigniter4\framework\system\BaseModel.php(714): CodeIgniter\Model->doFirst()
#6 C:\Users\BrillsenseShailesh\Desktop\Projects\PHP8.2\HansaHandloom\Hansahandloom-Admin\app\Controllers\AdminPageController.php(43): CodeIgniter\BaseModel->first()
#7 C:\Users\BrillsenseShailesh\Desktop\Projects\PHP8.2\HansaHandloom\Hansahandloom-Admin\vendor\codeigniter4\framework\system\CodeIgniter.php(933): App\Controllers\AdminPageController->FirebaseMessagingIntegration()
#8 C:\Users\BrillsenseShailesh\Desktop\Projects\PHP8.2\HansaHandloom\Hansahandloom-Admin\vendor\codeigniter4\framework\system\CodeIgniter.php(509): CodeIgniter\CodeIgniter->runController(Object(App\Controllers\AdminPageController))
#9 C:\Users\BrillsenseShailesh\Desktop\Projects\PHP8.2\HansaHandloom\Hansahandloom-Admin\vendor\codeigniter4\framework\system\CodeIgniter.php(355): CodeIgniter\CodeIgniter->handleRequest(NULL, Object(Config\Cache), false)
#10 C:\Users\BrillsenseShailesh\Desktop\Projects\PHP8.2\HansaHandloom\Hansahandloom-Admin\vendor\codeigniter4\framework\system\Boot.php(312): CodeIgniter\CodeIgniter->run()
#11 C:\Users\BrillsenseShailesh\Desktop\Projects\PHP8.2\HansaHandloom\Hansahandloom-Admin\vendor\codeigniter4\framework\system\Boot.php(67): CodeIgniter\Boot::runCodeIgniter(Object(CodeIgniter\CodeIgniter))
#12 C:\Users\BrillsenseShailesh\Desktop\Projects\PHP8.2\HansaHandloom\Hansahandloom-Admin\public\index.php(56): CodeIgniter\Boot::bootWeb(Object(Config\Paths))
#13 C:\Users\BrillsenseShailesh\Desktop\Projects\PHP8.2\HansaHandloom\Hansahandloom-Admin\vendor\codeigniter4\framework\system\Commands\Server\rewrite.php(49): require_once('C:\\Users\\Brills...')
#14 {main}
CRITICAL - 2024-06-10 08:09:42 --> CodeIgniter\Database\Exceptions\DatabaseException: Table 'yecoabmy_Hansahandloom_db.firebasemessagingintegrations' doesn't exist
[Method: GET, Route: Auth/Admin/Integration/FirebaseMessagingIntegration]
in SYSTEMPATH\Database\BaseConnection.php on line 676.
 1 SYSTEMPATH\Database\BaseBuilder.php(1629): CodeIgniter\Database\BaseConnection->query('SELECT *
FROM `firebasemessagingintegrations`
 LIMIT 1', [], false)
 2 SYSTEMPATH\Model.php(319): CodeIgniter\Database\BaseBuilder->get()
 3 SYSTEMPATH\BaseModel.php(714): CodeIgniter\Model->doFirst()
 4 APPPATH\Controllers\AdminPageController.php(43): CodeIgniter\BaseModel->first()
 5 SYSTEMPATH\CodeIgniter.php(933): App\Controllers\AdminPageController->FirebaseMessagingIntegration()
 6 SYSTEMPATH\CodeIgniter.php(509): CodeIgniter\CodeIgniter->runController(Object(App\Controllers\AdminPageController))
 7 SYSTEMPATH\CodeIgniter.php(355): CodeIgniter\CodeIgniter->handleRequest(null, Object(Config\Cache), false)
 8 SYSTEMPATH\Boot.php(312): CodeIgniter\CodeIgniter->run()
 9 SYSTEMPATH\Boot.php(67): CodeIgniter\Boot::runCodeIgniter(Object(CodeIgniter\CodeIgniter))
10 FCPATH\index.php(56): CodeIgniter\Boot::bootWeb(Object(Config\Paths))
11 SYSTEMPATH\Commands\Server\rewrite.php(49): require_once('C:\\Users\\BrillsenseShailesh\\Desktop\\Projects\\PHP8.2\\HansaHandloom\\Hansahandloom-Admin\\public\\index.php')
CRITICAL - 2024-06-10 08:09:42 --> [Caused by] CodeIgniter\Database\Exceptions\DatabaseException: Table 'yecoabmy_Hansahandloom_db.firebasemessagingintegrations' doesn't exist
in SYSTEMPATH\Database\MySQLi\Connection.php on line 313.
 1 SYSTEMPATH\Database\BaseConnection.php(722): CodeIgniter\Database\MySQLi\Connection->execute('SELECT *
FROM `firebasemessagingintegrations`
 LIMIT 1')
 2 SYSTEMPATH\Database\BaseConnection.php(636): CodeIgniter\Database\BaseConnection->simpleQuery('SELECT *
FROM `firebasemessagingintegrations`
 LIMIT 1')
 3 SYSTEMPATH\Database\BaseBuilder.php(1629): CodeIgniter\Database\BaseConnection->query('SELECT *
FROM `firebasemessagingintegrations`
 LIMIT 1', [], false)
 4 SYSTEMPATH\Model.php(319): CodeIgniter\Database\BaseBuilder->get()
 5 SYSTEMPATH\BaseModel.php(714): CodeIgniter\Model->doFirst()
 6 APPPATH\Controllers\AdminPageController.php(43): CodeIgniter\BaseModel->first()
 7 SYSTEMPATH\CodeIgniter.php(933): App\Controllers\AdminPageController->FirebaseMessagingIntegration()
 8 SYSTEMPATH\CodeIgniter.php(509): CodeIgniter\CodeIgniter->runController(Object(App\Controllers\AdminPageController))
 9 SYSTEMPATH\CodeIgniter.php(355): CodeIgniter\CodeIgniter->handleRequest(null, Object(Config\Cache), false)
10 SYSTEMPATH\Boot.php(312): CodeIgniter\CodeIgniter->run()
11 SYSTEMPATH\Boot.php(67): CodeIgniter\Boot::runCodeIgniter(Object(CodeIgniter\CodeIgniter))
12 FCPATH\index.php(56): CodeIgniter\Boot::bootWeb(Object(Config\Paths))
13 SYSTEMPATH\Commands\Server\rewrite.php(49): require_once('C:\\Users\\BrillsenseShailesh\\Desktop\\Projects\\PHP8.2\\HansaHandloom\\Hansahandloom-Admin\\public\\index.php')
CRITICAL - 2024-06-10 08:09:42 --> [Caused by] mysqli_sql_exception: Table 'yecoabmy_Hansahandloom_db.firebasemessagingintegrations' doesn't exist
in SYSTEMPATH\Database\MySQLi\Connection.php on line 308.
 1 SYSTEMPATH\Database\MySQLi\Connection.php(308): mysqli->query('SELECT *
FROM `firebasemessagingintegrations`
 LIMIT 1', 0)
 2 SYSTEMPATH\Database\BaseConnection.php(722): CodeIgniter\Database\MySQLi\Connection->execute('SELECT *
FROM `firebasemessagingintegrations`
 LIMIT 1')
 3 SYSTEMPATH\Database\BaseConnection.php(636): CodeIgniter\Database\BaseConnection->simpleQuery('SELECT *
FROM `firebasemessagingintegrations`
 LIMIT 1')
 4 SYSTEMPATH\Database\BaseBuilder.php(1629): CodeIgniter\Database\BaseConnection->query('SELECT *
FROM `firebasemessagingintegrations`
 LIMIT 1', [], false)
 5 SYSTEMPATH\Model.php(319): CodeIgniter\Database\BaseBuilder->get()
 6 SYSTEMPATH\BaseModel.php(714): CodeIgniter\Model->doFirst()
 7 APPPATH\Controllers\AdminPageController.php(43): CodeIgniter\BaseModel->first()
 8 SYSTEMPATH\CodeIgniter.php(933): App\Controllers\AdminPageController->FirebaseMessagingIntegration()
 9 SYSTEMPATH\CodeIgniter.php(509): CodeIgniter\CodeIgniter->runController(Object(App\Controllers\AdminPageController))
10 SYSTEMPATH\CodeIgniter.php(355): CodeIgniter\CodeIgniter->handleRequest(null, Object(Config\Cache), false)
11 SYSTEMPATH\Boot.php(312): CodeIgniter\CodeIgniter->run()
12 SYSTEMPATH\Boot.php(67): CodeIgniter\Boot::runCodeIgniter(Object(CodeIgniter\CodeIgniter))
13 FCPATH\index.php(56): CodeIgniter\Boot::bootWeb(Object(Config\Paths))
14 SYSTEMPATH\Commands\Server\rewrite.php(49): require_once('C:\\Users\\BrillsenseShailesh\\Desktop\\Projects\\PHP8.2\\HansaHandloom\\Hansahandloom-Admin\\public\\index.php')
INFO - 2024-06-10 08:12:21 --> Session: Class initialized using 'CodeIgniter\Session\Handlers\FileHandler' driver.
ERROR - 2024-06-10 08:12:24 --> mysqli_sql_exception: Table 'yecoabmy_Hansahandloom_db.firebase_messaging_integrations' doesn't exist in C:\Users\BrillsenseShailesh\Desktop\Projects\PHP8.2\HansaHandloom\Hansahandloom-Admin\vendor\codeigniter4\framework\system\Database\MySQLi\Connection.php:308
Stack trace:
#0 C:\Users\BrillsenseShailesh\Desktop\Projects\PHP8.2\HansaHandloom\Hansahandloom-Admin\vendor\codeigniter4\framework\system\Database\MySQLi\Connection.php(308): mysqli->query('SELECT *\nFROM `...', 0)
#1 C:\Users\BrillsenseShailesh\Desktop\Projects\PHP8.2\HansaHandloom\Hansahandloom-Admin\vendor\codeigniter4\framework\system\Database\BaseConnection.php(722): CodeIgniter\Database\MySQLi\Connection->execute('SELECT *\nFROM `...')
#2 C:\Users\BrillsenseShailesh\Desktop\Projects\PHP8.2\HansaHandloom\Hansahandloom-Admin\vendor\codeigniter4\framework\system\Database\BaseConnection.php(636): CodeIgniter\Database\BaseConnection->simpleQuery('SELECT *\nFROM `...')
#3 C:\Users\BrillsenseShailesh\Desktop\Projects\PHP8.2\HansaHandloom\Hansahandloom-Admin\vendor\codeigniter4\framework\system\Database\BaseBuilder.php(1629): CodeIgniter\Database\BaseConnection->query('SELECT *\nFROM `...', Array, false)
#4 C:\Users\BrillsenseShailesh\Desktop\Projects\PHP8.2\HansaHandloom\Hansahandloom-Admin\vendor\codeigniter4\framework\system\Model.php(319): CodeIgniter\Database\BaseBuilder->get()
#5 C:\Users\BrillsenseShailesh\Desktop\Projects\PHP8.2\HansaHandloom\Hansahandloom-Admin\vendor\codeigniter4\framework\system\BaseModel.php(714): CodeIgniter\Model->doFirst()
#6 C:\Users\BrillsenseShailesh\Desktop\Projects\PHP8.2\HansaHandloom\Hansahandloom-Admin\app\Controllers\AdminPageController.php(43): CodeIgniter\BaseModel->first()
#7 C:\Users\BrillsenseShailesh\Desktop\Projects\PHP8.2\HansaHandloom\Hansahandloom-Admin\vendor\codeigniter4\framework\system\CodeIgniter.php(933): App\Controllers\AdminPageController->FirebaseMessagingIntegration()
#8 C:\Users\BrillsenseShailesh\Desktop\Projects\PHP8.2\HansaHandloom\Hansahandloom-Admin\vendor\codeigniter4\framework\system\CodeIgniter.php(509): CodeIgniter\CodeIgniter->runController(Object(App\Controllers\AdminPageController))
#9 C:\Users\BrillsenseShailesh\Desktop\Projects\PHP8.2\HansaHandloom\Hansahandloom-Admin\vendor\codeigniter4\framework\system\CodeIgniter.php(355): CodeIgniter\CodeIgniter->handleRequest(NULL, Object(Config\Cache), false)
#10 C:\Users\BrillsenseShailesh\Desktop\Projects\PHP8.2\HansaHandloom\Hansahandloom-Admin\vendor\codeigniter4\framework\system\Boot.php(312): CodeIgniter\CodeIgniter->run()
#11 C:\Users\BrillsenseShailesh\Desktop\Projects\PHP8.2\HansaHandloom\Hansahandloom-Admin\vendor\codeigniter4\framework\system\Boot.php(67): CodeIgniter\Boot::runCodeIgniter(Object(CodeIgniter\CodeIgniter))
#12 C:\Users\BrillsenseShailesh\Desktop\Projects\PHP8.2\HansaHandloom\Hansahandloom-Admin\public\index.php(56): CodeIgniter\Boot::bootWeb(Object(Config\Paths))
#13 C:\Users\BrillsenseShailesh\Desktop\Projects\PHP8.2\HansaHandloom\Hansahandloom-Admin\vendor\codeigniter4\framework\system\Commands\Server\rewrite.php(49): require_once('C:\\Users\\Brills...')
#14 {main}
CRITICAL - 2024-06-10 08:12:24 --> CodeIgniter\Database\Exceptions\DatabaseException: Table 'yecoabmy_Hansahandloom_db.firebase_messaging_integrations' doesn't exist
[Method: GET, Route: Auth/Admin/Integration/FirebaseMessagingIntegration]
in SYSTEMPATH\Database\BaseConnection.php on line 676.
 1 SYSTEMPATH\Database\BaseBuilder.php(1629): CodeIgniter\Database\BaseConnection->query('SELECT *
FROM `firebase_messaging_integrations`
 LIMIT 1', [], false)
 2 SYSTEMPATH\Model.php(319): CodeIgniter\Database\BaseBuilder->get()
 3 SYSTEMPATH\BaseModel.php(714): CodeIgniter\Model->doFirst()
 4 APPPATH\Controllers\AdminPageController.php(43): CodeIgniter\BaseModel->first()
 5 SYSTEMPATH\CodeIgniter.php(933): App\Controllers\AdminPageController->FirebaseMessagingIntegration()
 6 SYSTEMPATH\CodeIgniter.php(509): CodeIgniter\CodeIgniter->runController(Object(App\Controllers\AdminPageController))
 7 SYSTEMPATH\CodeIgniter.php(355): CodeIgniter\CodeIgniter->handleRequest(null, Object(Config\Cache), false)
 8 SYSTEMPATH\Boot.php(312): CodeIgniter\CodeIgniter->run()
 9 SYSTEMPATH\Boot.php(67): CodeIgniter\Boot::runCodeIgniter(Object(CodeIgniter\CodeIgniter))
10 FCPATH\index.php(56): CodeIgniter\Boot::bootWeb(Object(Config\Paths))
11 SYSTEMPATH\Commands\Server\rewrite.php(49): require_once('C:\\Users\\BrillsenseShailesh\\Desktop\\Projects\\PHP8.2\\HansaHandloom\\Hansahandloom-Admin\\public\\index.php')
CRITICAL - 2024-06-10 08:12:24 --> [Caused by] CodeIgniter\Database\Exceptions\DatabaseException: Table 'yecoabmy_Hansahandloom_db.firebase_messaging_integrations' doesn't exist
in SYSTEMPATH\Database\MySQLi\Connection.php on line 313.
 1 SYSTEMPATH\Database\BaseConnection.php(722): CodeIgniter\Database\MySQLi\Connection->execute('SELECT *
FROM `firebase_messaging_integrations`
 LIMIT 1')
 2 SYSTEMPATH\Database\BaseConnection.php(636): CodeIgniter\Database\BaseConnection->simpleQuery('SELECT *
FROM `firebase_messaging_integrations`
 LIMIT 1')
 3 SYSTEMPATH\Database\BaseBuilder.php(1629): CodeIgniter\Database\BaseConnection->query('SELECT *
FROM `firebase_messaging_integrations`
 LIMIT 1', [], false)
 4 SYSTEMPATH\Model.php(319): CodeIgniter\Database\BaseBuilder->get()
 5 SYSTEMPATH\BaseModel.php(714): CodeIgniter\Model->doFirst()
 6 APPPATH\Controllers\AdminPageController.php(43): CodeIgniter\BaseModel->first()
 7 SYSTEMPATH\CodeIgniter.php(933): App\Controllers\AdminPageController->FirebaseMessagingIntegration()
 8 SYSTEMPATH\CodeIgniter.php(509): CodeIgniter\CodeIgniter->runController(Object(App\Controllers\AdminPageController))
 9 SYSTEMPATH\CodeIgniter.php(355): CodeIgniter\CodeIgniter->handleRequest(null, Object(Config\Cache), false)
10 SYSTEMPATH\Boot.php(312): CodeIgniter\CodeIgniter->run()
11 SYSTEMPATH\Boot.php(67): CodeIgniter\Boot::runCodeIgniter(Object(CodeIgniter\CodeIgniter))
12 FCPATH\index.php(56): CodeIgniter\Boot::bootWeb(Object(Config\Paths))
13 SYSTEMPATH\Commands\Server\rewrite.php(49): require_once('C:\\Users\\BrillsenseShailesh\\Desktop\\Projects\\PHP8.2\\HansaHandloom\\Hansahandloom-Admin\\public\\index.php')
CRITICAL - 2024-06-10 08:12:24 --> [Caused by] mysqli_sql_exception: Table 'yecoabmy_Hansahandloom_db.firebase_messaging_integrations' doesn't exist
in SYSTEMPATH\Database\MySQLi\Connection.php on line 308.
 1 SYSTEMPATH\Database\MySQLi\Connection.php(308): mysqli->query('SELECT *
FROM `firebase_messaging_integrations`
 LIMIT 1', 0)
 2 SYSTEMPATH\Database\BaseConnection.php(722): CodeIgniter\Database\MySQLi\Connection->execute('SELECT *
FROM `firebase_messaging_integrations`
 LIMIT 1')
 3 SYSTEMPATH\Database\BaseConnection.php(636): CodeIgniter\Database\BaseConnection->simpleQuery('SELECT *
FROM `firebase_messaging_integrations`
 LIMIT 1')
 4 SYSTEMPATH\Database\BaseBuilder.php(1629): CodeIgniter\Database\BaseConnection->query('SELECT *
FROM `firebase_messaging_integrations`
 LIMIT 1', [], false)
 5 SYSTEMPATH\Model.php(319): CodeIgniter\Database\BaseBuilder->get()
 6 SYSTEMPATH\BaseModel.php(714): CodeIgniter\Model->doFirst()
 7 APPPATH\Controllers\AdminPageController.php(43): CodeIgniter\BaseModel->first()
 8 SYSTEMPATH\CodeIgniter.php(933): App\Controllers\AdminPageController->FirebaseMessagingIntegration()
 9 SYSTEMPATH\CodeIgniter.php(509): CodeIgniter\CodeIgniter->runController(Object(App\Controllers\AdminPageController))
10 SYSTEMPATH\CodeIgniter.php(355): CodeIgniter\CodeIgniter->handleRequest(null, Object(Config\Cache), false)
11 SYSTEMPATH\Boot.php(312): CodeIgniter\CodeIgniter->run()
12 SYSTEMPATH\Boot.php(67): CodeIgniter\Boot::runCodeIgniter(Object(CodeIgniter\CodeIgniter))
13 FCPATH\index.php(56): CodeIgniter\Boot::bootWeb(Object(Config\Paths))
14 SYSTEMPATH\Commands\Server\rewrite.php(49): require_once('C:\\Users\\BrillsenseShailesh\\Desktop\\Projects\\PHP8.2\\HansaHandloom\\Hansahandloom-Admin\\public\\index.php')
INFO - 2024-06-10 08:13:41 --> Session: Class initialized using 'CodeIgniter\Session\Handlers\FileHandler' driver.
INFO - 2024-06-10 08:41:32 --> Session: Class initialized using 'CodeIgniter\Session\Handlers\FileHandler' driver.
INFO - 2024-06-10 08:41:51 --> Session: Class initialized using 'CodeIgniter\Session\Handlers\FileHandler' driver.
INFO - 2024-06-10 08:42:15 --> Session: Class initialized using 'CodeIgniter\Session\Handlers\FileHandler' driver.
INFO - 2024-06-10 08:45:31 --> Session: Class initialized using 'CodeIgniter\Session\Handlers\FileHandler' driver.
INFO - 2024-06-10 08:46:14 --> Session: Class initialized using 'CodeIgniter\Session\Handlers\FileHandler' driver.
INFO - 2024-06-10 08:46:56 --> Session: Class initialized using 'CodeIgniter\Session\Handlers\FileHandler' driver.
INFO - 2024-06-10 09:03:02 --> Session: Class initialized using 'CodeIgniter\Session\Handlers\FileHandler' driver.
INFO - 2024-06-10 09:03:04 --> Session: Class initialized using 'CodeIgniter\Session\Handlers\FileHandler' driver.
INFO - 2024-06-10 09:03:14 --> Session: Class initialized using 'CodeIgniter\Session\Handlers\FileHandler' driver.
INFO - 2024-06-10 09:05:24 --> Session: Class initialized using 'CodeIgniter\Session\Handlers\FileHandler' driver.
ERROR - 2024-06-10 09:05:27 --> mysqli_sql_exception: Duplicate entry '1' for key 'PRIMARY' in C:\Users\BrillsenseShailesh\Desktop\Projects\PHP8.2\HansaHandloom\Hansahandloom-Admin\vendor\codeigniter4\framework\system\Database\MySQLi\Connection.php:308
Stack trace:
#0 C:\Users\BrillsenseShailesh\Desktop\Projects\PHP8.2\HansaHandloom\Hansahandloom-Admin\vendor\codeigniter4\framework\system\Database\MySQLi\Connection.php(308): mysqli->query('INSERT INTO `fi...', 0)
#1 C:\Users\BrillsenseShailesh\Desktop\Projects\PHP8.2\HansaHandloom\Hansahandloom-Admin\vendor\codeigniter4\framework\system\Database\BaseConnection.php(722): CodeIgniter\Database\MySQLi\Connection->execute('INSERT INTO `fi...')
#2 C:\Users\BrillsenseShailesh\Desktop\Projects\PHP8.2\HansaHandloom\Hansahandloom-Admin\vendor\codeigniter4\framework\system\Database\BaseConnection.php(636): CodeIgniter\Database\BaseConnection->simpleQuery('INSERT INTO `fi...')
#3 C:\Users\BrillsenseShailesh\Desktop\Projects\PHP8.2\HansaHandloom\Hansahandloom-Admin\vendor\codeigniter4\framework\system\Database\BaseBuilder.php(2325): CodeIgniter\Database\BaseConnection->query('INSERT INTO `fi...', Array, false)
#4 C:\Users\BrillsenseShailesh\Desktop\Projects\PHP8.2\HansaHandloom\Hansahandloom-Admin\vendor\codeigniter4\framework\system\Model.php(383): CodeIgniter\Database\BaseBuilder->insert()
#5 C:\Users\BrillsenseShailesh\Desktop\Projects\PHP8.2\HansaHandloom\Hansahandloom-Admin\vendor\codeigniter4\framework\system\BaseModel.php(840): CodeIgniter\Model->doInsert(Array)
#6 C:\Users\BrillsenseShailesh\Desktop\Projects\PHP8.2\HansaHandloom\Hansahandloom-Admin\vendor\codeigniter4\framework\system\Model.php(791): CodeIgniter\BaseModel->insert(Array, true)
#7 C:\Users\BrillsenseShailesh\Desktop\Projects\PHP8.2\HansaHandloom\Hansahandloom-Admin\app\Models\FunctionModel.php(198): CodeIgniter\Model->insert(Array)
#8 C:\Users\BrillsenseShailesh\Desktop\Projects\PHP8.2\HansaHandloom\Hansahandloom-Admin\app\Controllers\AdminApiController.php(53): App\Models\FunctionModel->RecordCreate(Array)
#9 C:\Users\BrillsenseShailesh\Desktop\Projects\PHP8.2\HansaHandloom\Hansahandloom-Admin\app\Controllers\AdminApiController.php(98): App\Controllers\AdminApiController->ModelCreate(Object(App\Models\FirebaseMessagingIntegrationModel))
#10 C:\Users\BrillsenseShailesh\Desktop\Projects\PHP8.2\HansaHandloom\Hansahandloom-Admin\vendor\codeigniter4\framework\system\CodeIgniter.php(933): App\Controllers\AdminApiController->FirebaseMessagingIntegrationCreateUpdate()
#11 C:\Users\BrillsenseShailesh\Desktop\Projects\PHP8.2\HansaHandloom\Hansahandloom-Admin\vendor\codeigniter4\framework\system\CodeIgniter.php(509): CodeIgniter\CodeIgniter->runController(Object(App\Controllers\AdminApiController))
#12 C:\Users\BrillsenseShailesh\Desktop\Projects\PHP8.2\HansaHandloom\Hansahandloom-Admin\vendor\codeigniter4\framework\system\CodeIgniter.php(355): CodeIgniter\CodeIgniter->handleRequest(NULL, Object(Config\Cache), false)
#13 C:\Users\BrillsenseShailesh\Desktop\Projects\PHP8.2\HansaHandloom\Hansahandloom-Admin\vendor\codeigniter4\framework\system\Boot.php(312): CodeIgniter\CodeIgniter->run()
#14 C:\Users\BrillsenseShailesh\Desktop\Projects\PHP8.2\HansaHandloom\Hansahandloom-Admin\vendor\codeigniter4\framework\system\Boot.php(67): CodeIgniter\Boot::runCodeIgniter(Object(CodeIgniter\CodeIgniter))
#15 C:\Users\BrillsenseShailesh\Desktop\Projects\PHP8.2\HansaHandloom\Hansahandloom-Admin\public\index.php(56): CodeIgniter\Boot::bootWeb(Object(Config\Paths))
#16 C:\Users\BrillsenseShailesh\Desktop\Projects\PHP8.2\HansaHandloom\Hansahandloom-Admin\vendor\codeigniter4\framework\system\Commands\Server\rewrite.php(49): require_once('C:\\Users\\Brills...')
#17 {main}
INFO - 2024-06-10 09:05:36 --> Session: Class initialized using 'CodeIgniter\Session\Handlers\FileHandler' driver.
INFO - 2024-06-10 09:05:42 --> Session: Class initialized using 'CodeIgniter\Session\Handlers\FileHandler' driver.
ERROR - 2024-06-10 09:05:47 --> mysqli_sql_exception: Duplicate entry '1' for key 'PRIMARY' in C:\Users\BrillsenseShailesh\Desktop\Projects\PHP8.2\HansaHandloom\Hansahandloom-Admin\vendor\codeigniter4\framework\system\Database\MySQLi\Connection.php:308
Stack trace:
#0 C:\Users\BrillsenseShailesh\Desktop\Projects\PHP8.2\HansaHandloom\Hansahandloom-Admin\vendor\codeigniter4\framework\system\Database\MySQLi\Connection.php(308): mysqli->query('INSERT INTO `fi...', 0)
#1 C:\Users\BrillsenseShailesh\Desktop\Projects\PHP8.2\HansaHandloom\Hansahandloom-Admin\vendor\codeigniter4\framework\system\Database\BaseConnection.php(722): CodeIgniter\Database\MySQLi\Connection->execute('INSERT INTO `fi...')
#2 C:\Users\BrillsenseShailesh\Desktop\Projects\PHP8.2\HansaHandloom\Hansahandloom-Admin\vendor\codeigniter4\framework\system\Database\BaseConnection.php(636): CodeIgniter\Database\BaseConnection->simpleQuery('INSERT INTO `fi...')
#3 C:\Users\BrillsenseShailesh\Desktop\Projects\PHP8.2\HansaHandloom\Hansahandloom-Admin\vendor\codeigniter4\framework\system\Database\BaseBuilder.php(2325): CodeIgniter\Database\BaseConnection->query('INSERT INTO `fi...', Array, false)
#4 C:\Users\BrillsenseShailesh\Desktop\Projects\PHP8.2\HansaHandloom\Hansahandloom-Admin\vendor\codeigniter4\framework\system\Model.php(383): CodeIgniter\Database\BaseBuilder->insert()
#5 C:\Users\BrillsenseShailesh\Desktop\Projects\PHP8.2\HansaHandloom\Hansahandloom-Admin\vendor\codeigniter4\framework\system\BaseModel.php(840): CodeIgniter\Model->doInsert(Array)
#6 C:\Users\BrillsenseShailesh\Desktop\Projects\PHP8.2\HansaHandloom\Hansahandloom-Admin\vendor\codeigniter4\framework\system\Model.php(791): CodeIgniter\BaseModel->insert(Array, true)
#7 C:\Users\BrillsenseShailesh\Desktop\Projects\PHP8.2\HansaHandloom\Hansahandloom-Admin\app\Models\FunctionModel.php(198): CodeIgniter\Model->insert(Array)
#8 C:\Users\BrillsenseShailesh\Desktop\Projects\PHP8.2\HansaHandloom\Hansahandloom-Admin\app\Controllers\AdminApiController.php(53): App\Models\FunctionModel->RecordCreate(Array)
#9 C:\Users\BrillsenseShailesh\Desktop\Projects\PHP8.2\HansaHandloom\Hansahandloom-Admin\app\Controllers\AdminApiController.php(98): App\Controllers\AdminApiController->ModelCreate(Object(App\Models\FirebaseMessagingIntegrationModel))
#10 C:\Users\BrillsenseShailesh\Desktop\Projects\PHP8.2\HansaHandloom\Hansahandloom-Admin\vendor\codeigniter4\framework\system\CodeIgniter.php(933): App\Controllers\AdminApiController->FirebaseMessagingIntegrationCreateUpdate()
#11 C:\Users\BrillsenseShailesh\Desktop\Projects\PHP8.2\HansaHandloom\Hansahandloom-Admin\vendor\codeigniter4\framework\system\CodeIgniter.php(509): CodeIgniter\CodeIgniter->runController(Object(App\Controllers\AdminApiController))
#12 C:\Users\BrillsenseShailesh\Desktop\Projects\PHP8.2\HansaHandloom\Hansahandloom-Admin\vendor\codeigniter4\framework\system\CodeIgniter.php(355): CodeIgniter\CodeIgniter->handleRequest(NULL, Object(Config\Cache), false)
#13 C:\Users\BrillsenseShailesh\Desktop\Projects\PHP8.2\HansaHandloom\Hansahandloom-Admin\vendor\codeigniter4\framework\system\Boot.php(312): CodeIgniter\CodeIgniter->run()
#14 C:\Users\BrillsenseShailesh\Desktop\Projects\PHP8.2\HansaHandloom\Hansahandloom-Admin\vendor\codeigniter4\framework\system\Boot.php(67): CodeIgniter\Boot::runCodeIgniter(Object(CodeIgniter\CodeIgniter))
#15 C:\Users\BrillsenseShailesh\Desktop\Projects\PHP8.2\HansaHandloom\Hansahandloom-Admin\public\index.php(56): CodeIgniter\Boot::bootWeb(Object(Config\Paths))
#16 C:\Users\BrillsenseShailesh\Desktop\Projects\PHP8.2\HansaHandloom\Hansahandloom-Admin\vendor\codeigniter4\framework\system\Commands\Server\rewrite.php(49): require_once('C:\\Users\\Brills...')
#17 {main}
INFO - 2024-06-10 09:06:12 --> Session: Class initialized using 'CodeIgniter\Session\Handlers\FileHandler' driver.
INFO - 2024-06-10 09:06:42 --> Session: Class initialized using 'CodeIgniter\Session\Handlers\FileHandler' driver.
INFO - 2024-06-10 09:09:10 --> Session: Class initialized using 'CodeIgniter\Session\Handlers\FileHandler' driver.
INFO - 2024-06-10 09:09:37 --> Session: Class initialized using 'CodeIgniter\Session\Handlers\FileHandler' driver.
INFO - 2024-06-10 09:11:43 --> Session: Class initialized using 'CodeIgniter\Session\Handlers\FileHandler' driver.
INFO - 2024-06-10 09:12:05 --> Session: Class initialized using 'CodeIgniter\Session\Handlers\FileHandler' driver.
INFO - 2024-06-10 09:12:23 --> Session: Class initialized using 'CodeIgniter\Session\Handlers\FileHandler' driver.
INFO - 2024-06-10 09:16:46 --> Session: Class initialized using 'CodeIgniter\Session\Handlers\FileHandler' driver.
INFO - 2024-06-10 09:16:53 --> Session: Class initialized using 'CodeIgniter\Session\Handlers\FileHandler' driver.
INFO - 2024-06-10 09:23:51 --> Session: Class initialized using 'CodeIgniter\Session\Handlers\FileHandler' driver.
INFO - 2024-06-10 09:44:37 --> Session: Class initialized using 'CodeIgniter\Session\Handlers\FileHandler' driver.
INFO - 2024-06-10 09:45:57 --> Session: Class initialized using 'CodeIgniter\Session\Handlers\FileHandler' driver.
INFO - 2024-06-10 09:46:40 --> Session: Class initialized using 'CodeIgniter\Session\Handlers\FileHandler' driver.
INFO - 2024-06-10 09:47:19 --> Session: Class initialized using 'CodeIgniter\Session\Handlers\FileHandler' driver.
INFO - 2024-06-10 09:47:40 --> Session: Class initialized using 'CodeIgniter\Session\Handlers\FileHandler' driver.
INFO - 2024-06-10 09:50:15 --> Session: Class initialized using 'CodeIgniter\Session\Handlers\FileHandler' driver.
INFO - 2024-06-10 09:50:31 --> Session: Class initialized using 'CodeIgniter\Session\Handlers\FileHandler' driver.
INFO - 2024-06-10 09:50:41 --> Session: Class initialized using 'CodeIgniter\Session\Handlers\FileHandler' driver.
INFO - 2024-06-10 09:51:07 --> Session: Class initialized using 'CodeIgniter\Session\Handlers\FileHandler' driver.
INFO - 2024-06-10 09:51:32 --> Session: Class initialized using 'CodeIgniter\Session\Handlers\FileHandler' driver.
INFO - 2024-06-10 09:51:47 --> Session: Class initialized using 'CodeIgniter\Session\Handlers\FileHandler' driver.
INFO - 2024-06-10 09:52:01 --> Session: Class initialized using 'CodeIgniter\Session\Handlers\FileHandler' driver.
INFO - 2024-06-10 09:52:11 --> Session: Class initialized using 'CodeIgniter\Session\Handlers\FileHandler' driver.
INFO - 2024-06-10 09:52:31 --> Session: Class initialized using 'CodeIgniter\Session\Handlers\FileHandler' driver.
INFO - 2024-06-10 09:53:33 --> Session: Class initialized using 'CodeIgniter\Session\Handlers\FileHandler' driver.
INFO - 2024-06-10 09:53:48 --> Session: Class initialized using 'CodeIgniter\Session\Handlers\FileHandler' driver.
INFO - 2024-06-10 09:55:15 --> Session: Class initialized using 'CodeIgniter\Session\Handlers\FileHandler' driver.
INFO - 2024-06-10 09:59:14 --> Session: Class initialized using 'CodeIgniter\Session\Handlers\FileHandler' driver.
CRITICAL - 2024-06-10 09:59:16 --> ErrorException: Undefined array key "measurementId"
[Method: POST, Route: adminApi/Auth/SendNotification]
in APPPATH\Controllers\FirebaseMessagingController.php on line 37.
 1 APPPATH\Controllers\FirebaseMessagingController.php(37): CodeIgniter\Debug\Exceptions->errorHandler(2, 'Undefined array key "measurementId"', 'C:\\Users\\BrillsenseShailesh\\Desktop\\Projects\\PHP8.2\\HansaHandloom\\Hansahandloom-Admin\\app\\Controllers\\FirebaseMessagingController.php', 37)
 2 APPPATH\Controllers\AdminApiController.php(118): App\Controllers\FirebaseMessagingController->__construct()
 3 SYSTEMPATH\CodeIgniter.php(933): App\Controllers\AdminApiController->SendNotification()
 4 SYSTEMPATH\CodeIgniter.php(509): CodeIgniter\CodeIgniter->runController(Object(App\Controllers\AdminApiController))
 5 SYSTEMPATH\CodeIgniter.php(355): CodeIgniter\CodeIgniter->handleRequest(null, Object(Config\Cache), false)
 6 SYSTEMPATH\Boot.php(312): CodeIgniter\CodeIgniter->run()
 7 SYSTEMPATH\Boot.php(67): CodeIgniter\Boot::runCodeIgniter(Object(CodeIgniter\CodeIgniter))
 8 FCPATH\index.php(56): CodeIgniter\Boot::bootWeb(Object(Config\Paths))
 9 SYSTEMPATH\Commands\Server\rewrite.php(49): require_once('C:\\Users\\BrillsenseShailesh\\Desktop\\Projects\\PHP8.2\\HansaHandloom\\Hansahandloom-Admin\\public\\index.php')
INFO - 2024-06-10 09:59:26 --> Session: Class initialized using 'CodeIgniter\Session\Handlers\FileHandler' driver.
CRITICAL - 2024-06-10 09:59:45 --> ErrorException: Undefined array key "measurementId"
[Method: POST, Route: adminApi/Auth/SendNotification]
in APPPATH\Controllers\FirebaseMessagingController.php on line 37.
 1 APPPATH\Controllers\FirebaseMessagingController.php(37): CodeIgniter\Debug\Exceptions->errorHandler(2, 'Undefined array key "measurementId"', 'C:\\Users\\BrillsenseShailesh\\Desktop\\Projects\\PHP8.2\\HansaHandloom\\Hansahandloom-Admin\\app\\Controllers\\FirebaseMessagingController.php', 37)
 2 APPPATH\Controllers\AdminApiController.php(118): App\Controllers\FirebaseMessagingController->__construct()
 3 SYSTEMPATH\CodeIgniter.php(933): App\Controllers\AdminApiController->SendNotification()
 4 SYSTEMPATH\CodeIgniter.php(509): CodeIgniter\CodeIgniter->runController(Object(App\Controllers\AdminApiController))
 5 SYSTEMPATH\CodeIgniter.php(355): CodeIgniter\CodeIgniter->handleRequest(null, Object(Config\Cache), false)
 6 SYSTEMPATH\Boot.php(312): CodeIgniter\CodeIgniter->run()
 7 SYSTEMPATH\Boot.php(67): CodeIgniter\Boot::runCodeIgniter(Object(CodeIgniter\CodeIgniter))
 8 FCPATH\index.php(56): CodeIgniter\Boot::bootWeb(Object(Config\Paths))
 9 SYSTEMPATH\Commands\Server\rewrite.php(49): require_once('C:\\Users\\BrillsenseShailesh\\Desktop\\Projects\\PHP8.2\\HansaHandloom\\Hansahandloom-Admin\\public\\index.php')
INFO - 2024-06-10 10:00:16 --> Session: Class initialized using 'CodeIgniter\Session\Handlers\FileHandler' driver.
INFO - 2024-06-10 10:00:54 --> Session: Class initialized using 'CodeIgniter\Session\Handlers\FileHandler' driver.
CRITICAL - 2024-06-10 10:01:18 --> ErrorException: Undefined array key "measurementId"
[Method: POST, Route: adminApi/Auth/SendNotification]
in APPPATH\Controllers\FirebaseMessagingController.php on line 37.
 1 APPPATH\Controllers\FirebaseMessagingController.php(37): CodeIgniter\Debug\Exceptions->errorHandler(2, 'Undefined array key "measurementId"', 'C:\\Users\\BrillsenseShailesh\\Desktop\\Projects\\PHP8.2\\HansaHandloom\\Hansahandloom-Admin\\app\\Controllers\\FirebaseMessagingController.php', 37)
 2 APPPATH\Controllers\AdminApiController.php(118): App\Controllers\FirebaseMessagingController->__construct()
 3 SYSTEMPATH\CodeIgniter.php(933): App\Controllers\AdminApiController->SendNotification()
 4 SYSTEMPATH\CodeIgniter.php(509): CodeIgniter\CodeIgniter->runController(Object(App\Controllers\AdminApiController))
 5 SYSTEMPATH\CodeIgniter.php(355): CodeIgniter\CodeIgniter->handleRequest(null, Object(Config\Cache), false)
 6 SYSTEMPATH\Boot.php(312): CodeIgniter\CodeIgniter->run()
 7 SYSTEMPATH\Boot.php(67): CodeIgniter\Boot::runCodeIgniter(Object(CodeIgniter\CodeIgniter))
 8 FCPATH\index.php(56): CodeIgniter\Boot::bootWeb(Object(Config\Paths))
 9 SYSTEMPATH\Commands\Server\rewrite.php(49): require_once('C:\\Users\\BrillsenseShailesh\\Desktop\\Projects\\PHP8.2\\HansaHandloom\\Hansahandloom-Admin\\public\\index.php')
INFO - 2024-06-10 10:01:21 --> Session: Class initialized using 'CodeIgniter\Session\Handlers\FileHandler' driver.
CRITICAL - 2024-06-10 10:01:48 --> TypeError: Cannot access offset of type string on string
[Method: POST, Route: adminApi/Auth/SendNotification]
in APPPATH\Controllers\FirebaseMessagingController.php on line 66.
 1 APPPATH\Controllers\AdminApiController.php(119): App\Controllers\FirebaseMessagingController->SendNotification([...], [...])
 2 SYSTEMPATH\CodeIgniter.php(933): App\Controllers\AdminApiController->SendNotification()
 3 SYSTEMPATH\CodeIgniter.php(509): CodeIgniter\CodeIgniter->runController(Object(App\Controllers\AdminApiController))
 4 SYSTEMPATH\CodeIgniter.php(355): CodeIgniter\CodeIgniter->handleRequest(null, Object(Config\Cache), false)
 5 SYSTEMPATH\Boot.php(312): CodeIgniter\CodeIgniter->run()
 6 SYSTEMPATH\Boot.php(67): CodeIgniter\Boot::runCodeIgniter(Object(CodeIgniter\CodeIgniter))
 7 FCPATH\index.php(56): CodeIgniter\Boot::bootWeb(Object(Config\Paths))
 8 SYSTEMPATH\Commands\Server\rewrite.php(49): require_once('C:\\Users\\BrillsenseShailesh\\Desktop\\Projects\\PHP8.2\\HansaHandloom\\Hansahandloom-Admin\\public\\index.php')
INFO - 2024-06-10 10:02:21 --> Session: Class initialized using 'CodeIgniter\Session\Handlers\FileHandler' driver.
CRITICAL - 2024-06-10 10:02:52 --> TypeError: Cannot access offset of type string on string
[Method: POST, Route: adminApi/Auth/SendNotification]
in APPPATH\Controllers\FirebaseMessagingController.php on line 66.
 1 APPPATH\Controllers\AdminApiController.php(119): App\Controllers\FirebaseMessagingController->SendNotification([...], [...])
 2 SYSTEMPATH\CodeIgniter.php(933): App\Controllers\AdminApiController->SendNotification()
 3 SYSTEMPATH\CodeIgniter.php(509): CodeIgniter\CodeIgniter->runController(Object(App\Controllers\AdminApiController))
 4 SYSTEMPATH\CodeIgniter.php(355): CodeIgniter\CodeIgniter->handleRequest(null, Object(Config\Cache), false)
 5 SYSTEMPATH\Boot.php(312): CodeIgniter\CodeIgniter->run()
 6 SYSTEMPATH\Boot.php(67): CodeIgniter\Boot::runCodeIgniter(Object(CodeIgniter\CodeIgniter))
 7 FCPATH\index.php(56): CodeIgniter\Boot::bootWeb(Object(Config\Paths))
 8 SYSTEMPATH\Commands\Server\rewrite.php(49): require_once('C:\\Users\\BrillsenseShailesh\\Desktop\\Projects\\PHP8.2\\HansaHandloom\\Hansahandloom-Admin\\public\\index.php')
INFO - 2024-06-10 10:03:02 --> Session: Class initialized using 'CodeIgniter\Session\Handlers\FileHandler' driver.
INFO - 2024-06-10 10:43:40 --> Session: Class initialized using 'CodeIgniter\Session\Handlers\FileHandler' driver.
INFO - 2024-06-10 10:47:53 --> Session: Class initialized using 'CodeIgniter\Session\Handlers\FileHandler' driver.
INFO - 2024-06-10 10:48:08 --> Session: Class initialized using 'CodeIgniter\Session\Handlers\FileHandler' driver.
INFO - 2024-06-10 10:48:11 --> Session: Class initialized using 'CodeIgniter\Session\Handlers\FileHandler' driver.
INFO - 2024-06-10 10:48:27 --> Session: Class initialized using 'CodeIgniter\Session\Handlers\FileHandler' driver.
INFO - 2024-06-10 10:54:50 --> Session: Class initialized using 'CodeIgniter\Session\Handlers\FileHandler' driver.
INFO - 2024-06-10 10:55:12 --> Session: Class initialized using 'CodeIgniter\Session\Handlers\FileHandler' driver.
INFO - 2024-06-10 10:55:36 --> Session: Class initialized using 'CodeIgniter\Session\Handlers\FileHandler' driver.
INFO - 2024-06-10 11:00:44 --> Session: Class initialized using 'CodeIgniter\Session\Handlers\FileHandler' driver.
INFO - 2024-06-10 11:08:00 --> Session: Class initialized using 'CodeIgniter\Session\Handlers\FileHandler' driver.
INFO - 2024-06-10 11:09:55 --> Session: Class initialized using 'CodeIgniter\Session\Handlers\FileHandler' driver.
INFO - 2024-06-10 11:12:25 --> Session: Class initialized using 'CodeIgniter\Session\Handlers\FileHandler' driver.
INFO - 2024-06-10 11:12:39 --> Session: Class initialized using 'CodeIgniter\Session\Handlers\FileHandler' driver.
INFO - 2024-06-10 11:14:43 --> Session: Class initialized using 'CodeIgniter\Session\Handlers\FileHandler' driver.
INFO - 2024-06-10 11:15:27 --> Session: Class initialized using 'CodeIgniter\Session\Handlers\FileHandler' driver.
INFO - 2024-06-10 11:16:53 --> Session: Class initialized using 'CodeIgniter\Session\Handlers\FileHandler' driver.
INFO - 2024-06-10 11:17:58 --> Session: Class initialized using 'CodeIgniter\Session\Handlers\FileHandler' driver.
INFO - 2024-06-10 11:23:19 --> Session: Class initialized using 'CodeIgniter\Session\Handlers\FileHandler' driver.
INFO - 2024-06-10 11:26:51 --> Session: Class initialized using 'CodeIgniter\Session\Handlers\FileHandler' driver.
INFO - 2024-06-10 11:27:12 --> Session: Class initialized using 'CodeIgniter\Session\Handlers\FileHandler' driver.
INFO - 2024-06-10 11:27:24 --> Session: Class initialized using 'CodeIgniter\Session\Handlers\FileHandler' driver.
INFO - 2024-06-10 11:28:33 --> Session: Class initialized using 'CodeIgniter\Session\Handlers\FileHandler' driver.
INFO - 2024-06-10 11:38:26 --> Session: Class initialized using 'CodeIgniter\Session\Handlers\FileHandler' driver.
INFO - 2024-06-10 11:38:43 --> Session: Class initialized using 'CodeIgniter\Session\Handlers\FileHandler' driver.
INFO - 2024-06-10 11:40:18 --> Session: Class initialized using 'CodeIgniter\Session\Handlers\FileHandler' driver.
INFO - 2024-06-10 11:41:08 --> Session: Class initialized using 'CodeIgniter\Session\Handlers\FileHandler' driver.
INFO - 2024-06-10 11:41:39 --> Session: Class initialized using 'CodeIgniter\Session\Handlers\FileHandler' driver.
INFO - 2024-06-10 12:06:31 --> Session: Class initialized using 'CodeIgniter\Session\Handlers\FileHandler' driver.
INFO - 2024-06-10 12:07:12 --> Session: Class initialized using 'CodeIgniter\Session\Handlers\FileHandler' driver.
INFO - 2024-06-10 12:07:19 --> Session: Class initialized using 'CodeIgniter\Session\Handlers\FileHandler' driver.
INFO - 2024-06-10 12:07:39 --> Session: Class initialized using 'CodeIgniter\Session\Handlers\FileHandler' driver.
INFO - 2024-06-10 12:07:52 --> Session: Class initialized using 'CodeIgniter\Session\Handlers\FileHandler' driver.
INFO - 2024-06-10 12:08:51 --> Session: Class initialized using 'CodeIgniter\Session\Handlers\FileHandler' driver.
INFO - 2024-06-10 12:15:48 --> Session: Class initialized using 'CodeIgniter\Session\Handlers\FileHandler' driver.
INFO - 2024-06-10 12:17:17 --> Session: Class initialized using 'CodeIgniter\Session\Handlers\FileHandler' driver.
INFO - 2024-06-10 12:18:32 --> Session: Class initialized using 'CodeIgniter\Session\Handlers\FileHandler' driver.
INFO - 2024-06-10 12:18:36 --> Session: Class initialized using 'CodeIgniter\Session\Handlers\FileHandler' driver.
INFO - 2024-06-10 12:21:17 --> Session: Class initialized using 'CodeIgniter\Session\Handlers\FileHandler' driver.
INFO - 2024-06-10 12:21:20 --> Session: Class initialized using 'CodeIgniter\Session\Handlers\FileHandler' driver.
INFO - 2024-06-10 12:22:03 --> Session: Class initialized using 'CodeIgniter\Session\Handlers\FileHandler' driver.
INFO - 2024-06-10 12:22:07 --> Session: Class initialized using 'CodeIgniter\Session\Handlers\FileHandler' driver.
INFO - 2024-06-10 12:28:16 --> Session: Class initialized using 'CodeIgniter\Session\Handlers\FileHandler' driver.
INFO - 2024-06-10 12:28:19 --> Session: Class initialized using 'CodeIgniter\Session\Handlers\FileHandler' driver.
INFO - 2024-06-10 12:41:09 --> Session: Class initialized using 'CodeIgniter\Session\Handlers\FileHandler' driver.
