INFO - 2024-06-21 11:36:29 --> Session: Class initialized using 'CodeIgniter\Session\Handlers\FileHandler' driver.
CRITICAL - 2024-06-21 11:36:29 --> ErrorException: Undefined array key "fullname"
[Method: GET, Route: /]
in APPPATH\Controllers\AdminPageController.php on line 46.
 1 APPPATH\Controllers\AdminPageController.php(46): CodeIgniter\Debug\Exceptions->errorHandler(2, 'Undefined array key "fullname"', 'C:\\Users\\BrillsenseShailesh\\Desktop\\Projects\\PHP8.2\\HansaHandloom\\DarshanSirBlankTheme\\app\\Controllers\\AdminPageController.php', 46)
 2 APPPATH\Controllers\AdminPageController.php(15): App\Controllers\AdminPageController->admin_panel_common_data()
 3 SYSTEMPATH\CodeIgniter.php(933): App\Controllers\AdminPageController->index()
 4 SYSTEMPATH\CodeIgniter.php(509): CodeIgniter\CodeIgniter->runController(Object(App\Controllers\AdminPageController))
 5 SYSTEMPATH\CodeIgniter.php(355): CodeIgniter\CodeIgniter->handleRequest(null, Object(Config\Cache), false)
 6 SYSTEMPATH\Boot.php(312): CodeIgniter\CodeIgniter->run()
 7 SYSTEMPATH\Boot.php(67): CodeIgniter\Boot::runCodeIgniter(Object(CodeIgniter\CodeIgniter))
 8 FCPATH\index.php(56): CodeIgniter\Boot::bootWeb(Object(Config\Paths))
 9 SYSTEMPATH\Commands\Server\rewrite.php(49): require_once('C:\\Users\\BrillsenseShailesh\\Desktop\\Projects\\PHP8.2\\HansaHandloom\\DarshanSirBlankTheme\\public\\index.php')
INFO - 2024-06-21 11:37:44 --> Session: Class initialized using 'CodeIgniter\Session\Handlers\FileHandler' driver.
CRITICAL - 2024-06-21 11:37:44 --> TypeError: CodeIgniter\HTTP\SiteURI::stringifyRelativePath(): Return value must be of type string, bool returned
[Method: GET, Route: /]
in SYSTEMPATH\HTTP\SiteURI.php on line 407.
 1 SYSTEMPATH\HTTP\SiteURI.php(381): CodeIgniter\HTTP\SiteURI->stringifyRelativePath(false)
 2 SYSTEMPATH\Helpers\url_helper.php(59): CodeIgniter\HTTP\SiteURI->baseUrl(false, null)
 3 APPPATH\Controllers\AdminPageController.php(66): base_url(false)
 4 APPPATH\Controllers\AdminPageController.php(51): App\Controllers\AdminPageController->getSiteBarMenus()
 5 APPPATH\Controllers\AdminPageController.php(15): App\Controllers\AdminPageController->admin_panel_common_data()
 6 SYSTEMPATH\CodeIgniter.php(933): App\Controllers\AdminPageController->index()
 7 SYSTEMPATH\CodeIgniter.php(509): CodeIgniter\CodeIgniter->runController(Object(App\Controllers\AdminPageController))
 8 SYSTEMPATH\CodeIgniter.php(355): CodeIgniter\CodeIgniter->handleRequest(null, Object(Config\Cache), false)
 9 SYSTEMPATH\Boot.php(312): CodeIgniter\CodeIgniter->run()
10 SYSTEMPATH\Boot.php(67): CodeIgniter\Boot::runCodeIgniter(Object(CodeIgniter\CodeIgniter))
11 FCPATH\index.php(56): CodeIgniter\Boot::bootWeb(Object(Config\Paths))
12 SYSTEMPATH\Commands\Server\rewrite.php(49): require_once('C:\\Users\\BrillsenseShailesh\\Desktop\\Projects\\PHP8.2\\HansaHandloom\\DarshanSirBlankTheme\\public\\index.php')
INFO - 2024-06-21 11:38:22 --> Session: Class initialized using 'CodeIgniter\Session\Handlers\FileHandler' driver.
CRITICAL - 2024-06-21 11:38:22 --> ErrorException: Undefined array key "user_type"
[Method: GET, Route: /]
in APPPATH\Controllers\AdminPageController.php on line 68.
 1 APPPATH\Controllers\AdminPageController.php(68): CodeIgniter\Debug\Exceptions->errorHandler(2, 'Undefined array key "user_type"', 'C:\\Users\\BrillsenseShailesh\\Desktop\\Projects\\PHP8.2\\HansaHandloom\\DarshanSirBlankTheme\\app\\Controllers\\AdminPageController.php', 68)
 2 APPPATH\Controllers\AdminPageController.php(51): App\Controllers\AdminPageController->getSiteBarMenus()
 3 APPPATH\Controllers\AdminPageController.php(15): App\Controllers\AdminPageController->admin_panel_common_data()
 4 SYSTEMPATH\CodeIgniter.php(933): App\Controllers\AdminPageController->index()
 5 SYSTEMPATH\CodeIgniter.php(509): CodeIgniter\CodeIgniter->runController(Object(App\Controllers\AdminPageController))
 6 SYSTEMPATH\CodeIgniter.php(355): CodeIgniter\CodeIgniter->handleRequest(null, Object(Config\Cache), false)
 7 SYSTEMPATH\Boot.php(312): CodeIgniter\CodeIgniter->run()
 8 SYSTEMPATH\Boot.php(67): CodeIgniter\Boot::runCodeIgniter(Object(CodeIgniter\CodeIgniter))
 9 FCPATH\index.php(56): CodeIgniter\Boot::bootWeb(Object(Config\Paths))
10 SYSTEMPATH\Commands\Server\rewrite.php(49): require_once('C:\\Users\\BrillsenseShailesh\\Desktop\\Projects\\PHP8.2\\HansaHandloom\\DarshanSirBlankTheme\\public\\index.php')
INFO - 2024-06-21 11:39:31 --> Session: Class initialized using 'CodeIgniter\Session\Handlers\FileHandler' driver.
CRITICAL - 2024-06-21 11:39:31 --> TypeError: CodeIgniter\HTTP\SiteURI::stringifyRelativePath(): Return value must be of type string, bool returned
[Method: GET, Route: /]
in SYSTEMPATH\HTTP\SiteURI.php on line 407.
 1 SYSTEMPATH\HTTP\SiteURI.php(381): CodeIgniter\HTTP\SiteURI->stringifyRelativePath(false)
 2 SYSTEMPATH\Helpers\url_helper.php(59): CodeIgniter\HTTP\SiteURI->baseUrl(false, null)
 3 APPPATH\Views\AdminPanelNew\partials\topbar.php(183): base_url(false)
 4 SYSTEMPATH\View\View.php(234): include('C:\\Users\\BrillsenseShailesh\\Desktop\\Projects\\PHP8.2\\HansaHandloom\\DarshanSirBlankTheme\\app\\Views\\AdminPanelNew\\partials\\topbar.php')
 5 SYSTEMPATH\View\View.php(237): CodeIgniter\View\View->CodeIgniter\View\{closure}()
 6 SYSTEMPATH\Common.php(1171): CodeIgniter\View\View->render('AdminPanelNew/partials/topbar', [], true)
 7 APPPATH\Views\AdminPanelNew\partials\main.php(19): view('AdminPanelNew/partials/topbar')
 8 SYSTEMPATH\View\View.php(234): include('C:\\Users\\BrillsenseShailesh\\Desktop\\Projects\\PHP8.2\\HansaHandloom\\DarshanSirBlankTheme\\app\\Views\\AdminPanelNew\\partials\\main.php')
 9 SYSTEMPATH\View\View.php(237): CodeIgniter\View\View->CodeIgniter\View\{closure}()
10 SYSTEMPATH\Common.php(1171): CodeIgniter\View\View->render('AdminPanelNew/partials/main', [], true)
11 APPPATH\Controllers\AdminPageController.php(20): view('AdminPanelNew/partials/main', [...])
12 SYSTEMPATH\CodeIgniter.php(933): App\Controllers\AdminPageController->index()
13 SYSTEMPATH\CodeIgniter.php(509): CodeIgniter\CodeIgniter->runController(Object(App\Controllers\AdminPageController))
14 SYSTEMPATH\CodeIgniter.php(355): CodeIgniter\CodeIgniter->handleRequest(null, Object(Config\Cache), false)
15 SYSTEMPATH\Boot.php(312): CodeIgniter\CodeIgniter->run()
16 SYSTEMPATH\Boot.php(67): CodeIgniter\Boot::runCodeIgniter(Object(CodeIgniter\CodeIgniter))
17 FCPATH\index.php(56): CodeIgniter\Boot::bootWeb(Object(Config\Paths))
18 SYSTEMPATH\Commands\Server\rewrite.php(49): require_once('C:\\Users\\BrillsenseShailesh\\Desktop\\Projects\\PHP8.2\\HansaHandloom\\DarshanSirBlankTheme\\public\\index.php')
INFO - 2024-06-21 11:40:46 --> Session: Class initialized using 'CodeIgniter\Session\Handlers\FileHandler' driver.
