CRITICAL - 2024-06-08 11:22:31 --> ErrorException: Undefined variable $file_extension
[Method: GET, Route: /]
in APPPATH\Config\Routes.php on line 21.
 1 APPPATH\Config\Routes.php(21): CodeIgniter\Debug\Exceptions->errorHandler(2, 'Undefined variable $file_extension', 'C:\\Users\\BrillsenseShailesh\\Desktop\\Projects\\PHP8.2\\HansaHandloom\\Hansahandloom-Admin\\app\\Config\\Routes.php', 21)
 2 SYSTEMPATH\Router\RouteCollection.php(340): require('C:\\Users\\BrillsenseShailesh\\Desktop\\Projects\\PHP8.2\\HansaHandloom\\Hansahandloom-Admin\\app\\Config\\Routes.php')
 3 SYSTEMPATH\CodeIgniter.php(823): CodeIgniter\Router\RouteCollection->loadRoutes()
 4 SYSTEMPATH\CodeIgniter.php(457): CodeIgniter\CodeIgniter->tryToRouteIt(null)
 5 SYSTEMPATH\CodeIgniter.php(355): CodeIgniter\CodeIgniter->handleRequest(null, Object(Config\Cache), false)
 6 SYSTEMPATH\Boot.php(312): CodeIgniter\CodeIgniter->run()
 7 SYSTEMPATH\Boot.php(67): CodeIgniter\Boot::runCodeIgniter(Object(CodeIgniter\CodeIgniter))
 8 FCPATH\index.php(56): CodeIgniter\Boot::bootWeb(Object(Config\Paths))
 9 SYSTEMPATH\Commands\Server\rewrite.php(49): require_once('C:\\Users\\BrillsenseShailesh\\Desktop\\Projects\\PHP8.2\\HansaHandloom\\Hansahandloom-Admin\\public\\index.php')
CRITICAL - 2024-06-08 11:22:33 --> ErrorException: Undefined variable $file_extension
[Method: GET, Route: firebase-messaging-sw.js]
in APPPATH\Config\Routes.php on line 21.
 1 APPPATH\Config\Routes.php(21): CodeIgniter\Debug\Exceptions->errorHandler(2, 'Undefined variable $file_extension', 'C:\\Users\\BrillsenseShailesh\\Desktop\\Projects\\PHP8.2\\HansaHandloom\\Hansahandloom-Admin\\app\\Config\\Routes.php', 21)
 2 SYSTEMPATH\Router\RouteCollection.php(340): require('C:\\Users\\BrillsenseShailesh\\Desktop\\Projects\\PHP8.2\\HansaHandloom\\Hansahandloom-Admin\\app\\Config\\Routes.php')
 3 SYSTEMPATH\CodeIgniter.php(823): CodeIgniter\Router\RouteCollection->loadRoutes()
 4 SYSTEMPATH\CodeIgniter.php(457): CodeIgniter\CodeIgniter->tryToRouteIt(null)
 5 SYSTEMPATH\CodeIgniter.php(355): CodeIgniter\CodeIgniter->handleRequest(null, Object(Config\Cache), false)
 6 SYSTEMPATH\Boot.php(312): CodeIgniter\CodeIgniter->run()
 7 SYSTEMPATH\Boot.php(67): CodeIgniter\Boot::runCodeIgniter(Object(CodeIgniter\CodeIgniter))
 8 FCPATH\index.php(56): CodeIgniter\Boot::bootWeb(Object(Config\Paths))
 9 SYSTEMPATH\Commands\Server\rewrite.php(49): require_once('C:\\Users\\BrillsenseShailesh\\Desktop\\Projects\\PHP8.2\\HansaHandloom\\Hansahandloom-Admin\\public\\index.php')
CRITICAL - 2024-06-08 11:22:44 --> ErrorException: Undefined variable $file_extension
[Method: GET, Route: /]
in APPPATH\Config\Routes.php on line 21.
 1 APPPATH\Config\Routes.php(21): CodeIgniter\Debug\Exceptions->errorHandler(2, 'Undefined variable $file_extension', 'C:\\Users\\BrillsenseShailesh\\Desktop\\Projects\\PHP8.2\\HansaHandloom\\Hansahandloom-Admin\\app\\Config\\Routes.php', 21)
 2 SYSTEMPATH\Router\RouteCollection.php(340): require('C:\\Users\\BrillsenseShailesh\\Desktop\\Projects\\PHP8.2\\HansaHandloom\\Hansahandloom-Admin\\app\\Config\\Routes.php')
 3 SYSTEMPATH\CodeIgniter.php(823): CodeIgniter\Router\RouteCollection->loadRoutes()
 4 SYSTEMPATH\CodeIgniter.php(457): CodeIgniter\CodeIgniter->tryToRouteIt(null)
 5 SYSTEMPATH\CodeIgniter.php(355): CodeIgniter\CodeIgniter->handleRequest(null, Object(Config\Cache), false)
 6 SYSTEMPATH\Boot.php(312): CodeIgniter\CodeIgniter->run()
 7 SYSTEMPATH\Boot.php(67): CodeIgniter\Boot::runCodeIgniter(Object(CodeIgniter\CodeIgniter))
 8 FCPATH\index.php(56): CodeIgniter\Boot::bootWeb(Object(Config\Paths))
 9 SYSTEMPATH\Commands\Server\rewrite.php(49): require_once('C:\\Users\\BrillsenseShailesh\\Desktop\\Projects\\PHP8.2\\HansaHandloom\\Hansahandloom-Admin\\public\\index.php')
CRITICAL - 2024-06-08 11:22:46 --> ErrorException: Undefined variable $file_extension
[Method: GET, Route: firebase-messaging-sw.js]
in APPPATH\Config\Routes.php on line 21.
 1 APPPATH\Config\Routes.php(21): CodeIgniter\Debug\Exceptions->errorHandler(2, 'Undefined variable $file_extension', 'C:\\Users\\BrillsenseShailesh\\Desktop\\Projects\\PHP8.2\\HansaHandloom\\Hansahandloom-Admin\\app\\Config\\Routes.php', 21)
 2 SYSTEMPATH\Router\RouteCollection.php(340): require('C:\\Users\\BrillsenseShailesh\\Desktop\\Projects\\PHP8.2\\HansaHandloom\\Hansahandloom-Admin\\app\\Config\\Routes.php')
 3 SYSTEMPATH\CodeIgniter.php(823): CodeIgniter\Router\RouteCollection->loadRoutes()
 4 SYSTEMPATH\CodeIgniter.php(457): CodeIgniter\CodeIgniter->tryToRouteIt(null)
 5 SYSTEMPATH\CodeIgniter.php(355): CodeIgniter\CodeIgniter->handleRequest(null, Object(Config\Cache), false)
 6 SYSTEMPATH\Boot.php(312): CodeIgniter\CodeIgniter->run()
 7 SYSTEMPATH\Boot.php(67): CodeIgniter\Boot::runCodeIgniter(Object(CodeIgniter\CodeIgniter))
 8 FCPATH\index.php(56): CodeIgniter\Boot::bootWeb(Object(Config\Paths))
 9 SYSTEMPATH\Commands\Server\rewrite.php(49): require_once('C:\\Users\\BrillsenseShailesh\\Desktop\\Projects\\PHP8.2\\HansaHandloom\\Hansahandloom-Admin\\public\\index.php')
INFO - 2024-06-08 11:25:19 --> Session: Class initialized using 'CodeIgniter\Session\Handlers\FileHandler' driver.
INFO - 2024-06-08 11:25:26 --> Session: Class initialized using 'CodeIgniter\Session\Handlers\FileHandler' driver.
INFO - 2024-06-08 11:25:28 --> Session: Class initialized using 'CodeIgniter\Session\Handlers\FileHandler' driver.
INFO - 2024-06-08 11:25:32 --> Session: Class initialized using 'CodeIgniter\Session\Handlers\FileHandler' driver.
INFO - 2024-06-08 11:26:13 --> Session: Class initialized using 'CodeIgniter\Session\Handlers\FileHandler' driver.
INFO - 2024-06-08 11:28:15 --> Session: Class initialized using 'CodeIgniter\Session\Handlers\FileHandler' driver.
INFO - 2024-06-08 11:29:17 --> Session: Class initialized using 'CodeIgniter\Session\Handlers\FileHandler' driver.
INFO - 2024-06-08 11:29:20 --> Session: Class initialized using 'CodeIgniter\Session\Handlers\FileHandler' driver.
INFO - 2024-06-08 11:29:31 --> Session: Class initialized using 'CodeIgniter\Session\Handlers\FileHandler' driver.
CRITICAL - 2024-06-08 11:29:31 --> CodeIgniter\View\Exceptions\ViewException: Invalid file: "InventoryAdmin/Pages/AddProduct.php"
[Method: GET, Route: hansa/inventory-add-product]
in SYSTEMPATH\Exceptions\FrameworkException.php on line 41.
 1 SYSTEMPATH\View\View.php(222): CodeIgniter\Exceptions\FrameworkException::forInvalidFile('InventoryAdmin/Pages/AddProduct.php')
 2 SYSTEMPATH\Common.php(1171): CodeIgniter\View\View->render('InventoryAdmin/Pages/AddProduct', [], true)
 3 APPPATH\Views\AdminPanel\Pages\main.php(23): view('InventoryAdmin/Pages/AddProduct')
 4 SYSTEMPATH\View\View.php(234): include('C:\\Users\\BrillsenseShailesh\\Desktop\\Projects\\PHP8.2\\HansaHandloom\\Hansahandloom-Admin\\app\\Views\\AdminPanel\\Pages\\main.php')
 5 SYSTEMPATH\View\View.php(237): CodeIgniter\View\View->CodeIgniter\View\{closure}()
 6 SYSTEMPATH\Common.php(1171): CodeIgniter\View\View->render('AdminPanel/Pages/main', [], true)
 7 APPPATH\Controllers\HansaPageController.php(192): view('AdminPanel/Pages/main', [...])
 8 SYSTEMPATH\CodeIgniter.php(933): App\Controllers\HansaPageController->inventory_AddProduct()
 9 SYSTEMPATH\CodeIgniter.php(509): CodeIgniter\CodeIgniter->runController(Object(App\Controllers\HansaPageController))
10 SYSTEMPATH\CodeIgniter.php(355): CodeIgniter\CodeIgniter->handleRequest(null, Object(Config\Cache), false)
11 SYSTEMPATH\Boot.php(312): CodeIgniter\CodeIgniter->run()
12 SYSTEMPATH\Boot.php(67): CodeIgniter\Boot::runCodeIgniter(Object(CodeIgniter\CodeIgniter))
13 FCPATH\index.php(56): CodeIgniter\Boot::bootWeb(Object(Config\Paths))
14 SYSTEMPATH\Commands\Server\rewrite.php(49): require_once('C:\\Users\\BrillsenseShailesh\\Desktop\\Projects\\PHP8.2\\HansaHandloom\\Hansahandloom-Admin\\public\\index.php')
INFO - 2024-06-08 11:30:44 --> Session: Class initialized using 'CodeIgniter\Session\Handlers\FileHandler' driver.
CRITICAL - 2024-06-08 11:30:44 --> CodeIgniter\View\Exceptions\ViewException: Invalid file: "InventoryAdmin/Pages/AddProduct.php"
[Method: GET, Route: hansa/inventory-add-product]
in SYSTEMPATH\Exceptions\FrameworkException.php on line 41.
 1 SYSTEMPATH\View\View.php(222): CodeIgniter\Exceptions\FrameworkException::forInvalidFile('InventoryAdmin/Pages/AddProduct.php')
 2 SYSTEMPATH\Common.php(1171): CodeIgniter\View\View->render('InventoryAdmin/Pages/AddProduct', [], true)
 3 APPPATH\Views\AdminPanel\Pages\main.php(23): view('InventoryAdmin/Pages/AddProduct')
 4 SYSTEMPATH\View\View.php(234): include('C:\\Users\\BrillsenseShailesh\\Desktop\\Projects\\PHP8.2\\HansaHandloom\\Hansahandloom-Admin\\app\\Views\\AdminPanel\\Pages\\main.php')
 5 SYSTEMPATH\View\View.php(237): CodeIgniter\View\View->CodeIgniter\View\{closure}()
 6 SYSTEMPATH\Common.php(1171): CodeIgniter\View\View->render('AdminPanel/Pages/main', [], true)
 7 APPPATH\Controllers\HansaPageController.php(192): view('AdminPanel/Pages/main', [...])
 8 SYSTEMPATH\CodeIgniter.php(933): App\Controllers\HansaPageController->inventory_AddProduct()
 9 SYSTEMPATH\CodeIgniter.php(509): CodeIgniter\CodeIgniter->runController(Object(App\Controllers\HansaPageController))
10 SYSTEMPATH\CodeIgniter.php(355): CodeIgniter\CodeIgniter->handleRequest(null, Object(Config\Cache), false)
11 SYSTEMPATH\Boot.php(312): CodeIgniter\CodeIgniter->run()
12 SYSTEMPATH\Boot.php(67): CodeIgniter\Boot::runCodeIgniter(Object(CodeIgniter\CodeIgniter))
13 FCPATH\index.php(56): CodeIgniter\Boot::bootWeb(Object(Config\Paths))
14 SYSTEMPATH\Commands\Server\rewrite.php(49): require_once('C:\\Users\\BrillsenseShailesh\\Desktop\\Projects\\PHP8.2\\HansaHandloom\\Hansahandloom-Admin\\public\\index.php')
INFO - 2024-06-08 11:33:48 --> Session: Class initialized using 'CodeIgniter\Session\Handlers\FileHandler' driver.
INFO - 2024-06-08 11:34:46 --> Session: Class initialized using 'CodeIgniter\Session\Handlers\FileHandler' driver.
INFO - 2024-06-08 11:35:54 --> Session: Class initialized using 'CodeIgniter\Session\Handlers\FileHandler' driver.
INFO - 2024-06-08 11:36:19 --> Session: Class initialized using 'CodeIgniter\Session\Handlers\FileHandler' driver.
INFO - 2024-06-08 11:36:22 --> Session: Class initialized using 'CodeIgniter\Session\Handlers\FileHandler' driver.
INFO - 2024-06-08 11:36:31 --> Session: Class initialized using 'CodeIgniter\Session\Handlers\FileHandler' driver.
INFO - 2024-06-08 11:56:00 --> Session: Class initialized using 'CodeIgniter\Session\Handlers\FileHandler' driver.
INFO - 2024-06-08 11:57:24 --> Session: Class initialized using 'CodeIgniter\Session\Handlers\FileHandler' driver.
INFO - 2024-06-08 11:57:37 --> Session: Class initialized using 'CodeIgniter\Session\Handlers\FileHandler' driver.
INFO - 2024-06-08 11:58:22 --> Session: Class initialized using 'CodeIgniter\Session\Handlers\FileHandler' driver.
INFO - 2024-06-08 12:08:55 --> Session: Class initialized using 'CodeIgniter\Session\Handlers\FileHandler' driver.
INFO - 2024-06-08 12:09:08 --> Session: Class initialized using 'CodeIgniter\Session\Handlers\FileHandler' driver.
INFO - 2024-06-08 12:09:25 --> Session: Class initialized using 'CodeIgniter\Session\Handlers\FileHandler' driver.
INFO - 2024-06-08 12:10:18 --> Session: Class initialized using 'CodeIgniter\Session\Handlers\FileHandler' driver.
